#
# A fatal error has been detected by the Java Runtime Environment:
#
#  SIGSEGV (0xb) at pc=0x00007950b84dc7dc, pid=909706, tid=909715
#
# JRE version: OpenJDK Runtime Environment Temurin-17.0.11+9 (17.0.11+9) (build 17.0.11+9)
# Java VM: OpenJDK 64-Bit Server VM Temurin-17.0.11+9 (17.0.11+9, mixed mode, tiered, compressed oops, compressed class ptrs, parallel gc, linux-amd64)
# Problematic frame:
# V  [libjvm.so+0xadc7dc]  PhaseIdealLoop::build_loop_late_post_work(Node*, bool)+0xec
#
# Core dump will be written. Default location: Core dumps may be processed with "/usr/share/apport/apport -p%p -s%s -c%c -d%d -P%P -u%u -g%g -- %E" (or dumping to /media/eder/BKP/Santander_2024_-_Backend_com_Java/dio-java-basico/dio-trilha-java-basico/core.909706)
#
# If you would like to submit a bug report, please visit:
#   https://github.com/adoptium/adoptium-support/issues
#

---------------  S U M M A R Y ------------

Command Line: --add-modules=ALL-SYSTEM --add-opens=java.base/java.util=ALL-UNNAMED --add-opens=java.base/java.lang=ALL-UNNAMED --add-opens=java.base/sun.nio.fs=ALL-UNNAMED -Declipse.application=org.eclipse.jdt.ls.core.id1 -Dosgi.bundles.defaultStartLevel=4 -Declipse.product=org.eclipse.jdt.ls.core.product -Djava.import.generatesMetadataFilesAtProjectRoot=false -DDetectVMInstallationsJob.disabled=true -Dfile.encoding=utf8 -XX:+UseParallelGC -XX:GCTimeRatio=4 -XX:AdaptiveSizePolicyWeight=90 -Dsun.zip.disableMemoryMapping=true -Xmx1G -Xms100m -Xlog:disable -javaagent:/home/eder/.vscode/extensions/redhat.java-1.32.0-linux-x64/lombok/lombok-1.18.33.jar -XX:+HeapDumpOnOutOfMemoryError -XX:HeapDumpPath=/home/eder/.config/Code/User/workspaceStorage/2aeb01854f71d354b819c97b900d24ba/redhat.java -Daether.dependencyCollector.impl=bf /home/eder/.vscode/extensions/redhat.java-1.32.0-linux-x64/server/plugins/org.eclipse.equinox.launcher_1.6.900.v20240613-2009.jar -configuration /home/eder/.config/Code/User/globalStorage/redhat.java/1.32.0/config_linux -data /home/eder/.config/Code/User/workspaceStorage/2aeb01854f71d354b819c97b900d24ba/redhat.java/jdt_ws --pipe=/run/user/1000/lsp-7fff80a74c2b8208d8194c7009ebf758.sock

Host: Intel(R) Core(TM) i7-4700MQ CPU @ 2.40GHz, 8 cores, 11G, Ubuntu 22.04.4 LTS
Time: Thu Jun 27 11:11:43 2024 -03 elapsed time: 9.073513 seconds (0d 0h 0m 9s)

---------------  T H R E A D  ---------------

Current thread (0x00007950b02200e0):  JavaThread "C2 CompilerThread0" daemon [_thread_in_native, id=909715, stack(0x0000795094e7f000,0x0000795094f7f000)]


Current CompileTask:
C2:   9076 4023   !   4       org.eclipse.osgi.internal.loader.classpath.ClasspathManager::findClassImpl (308 bytes)

Stack: [0x0000795094e7f000,0x0000795094f7f000],  sp=0x0000795094f79c50,  free space=1003k
Native frames: (J=compiled Java code, j=interpreted, Vv=VM code, C=native code)
V  [libjvm.so+0xadc7dc]  PhaseIdealLoop::build_loop_late_post_work(Node*, bool)+0xec
V  [libjvm.so+0xadd1d8]  PhaseIdealLoop::build_loop_late(VectorSet&, Node_List&, Node_Stack&)+0x168
V  [libjvm.so+0xaddb66]  PhaseIdealLoop::build_and_optimize()+0x7b6
V  [libjvm.so+0x5d6acf]  PhaseIdealLoop::optimize(PhaseIterGVN&, LoopOptsMode)+0x16f
V  [libjvm.so+0x5d4998]  Compile::Optimize()+0xc58
V  [libjvm.so+0x5d6365]  Compile::Compile(ciEnv*, ciMethod*, int, bool, bool, bool, bool, bool, DirectiveSet*)+0xe65
V  [libjvm.so+0x5159e9]  C2Compiler::compile_method(ciEnv*, ciMethod*, int, bool, DirectiveSet*)+0xe9
V  [libjvm.so+0x5df333]  CompileBroker::invoke_compiler_on_method(CompileTask*)+0xea3
V  [libjvm.so+0x5e0218]  CompileBroker::compiler_thread_loop()+0x6a8
V  [libjvm.so+0xe61c36]  JavaThread::thread_main_inner()+0x196
V  [libjvm.so+0xe655d8]  Thread::call_run()+0xa8
V  [libjvm.so+0xc26851]  thread_native_entry(Thread*)+0xe1


siginfo: si_signo: 11 (SIGSEGV), si_code: 1 (SEGV_MAPERR), si_addr: 0x0000794df8032af8

Registers:
RAX=0x000079507cad0ee0, RBX=0x0000795070b0c760, RCX=0x000079507ca78200, RDX=0x0000000000001655
RSP=0x0000795094f79c50, RBP=0x0000795094f79c90, RSI=0x000079507cadc188, RDI=0x0000795094f7a080
R8 =0x000079507ca78200, R9 =0x0000795070d4f530, R10=0x0000795070d4f530, R11=0x0000000000000002
R12=0x0000794df8032af0, R13=0x0000794ff8033af8, R14=0x0000000000000000, R15=0x0000795094f7a080
RIP=0x00007950b84dc7dc, EFLAGS=0x0000000000010297, CSGSFS=0x002b000000000033, ERR=0x0000000000000004
  TRAPNO=0x000000000000000e


Register to memory mapping:

RAX=0x000079507cad0ee0 points into unknown readable memory: 0x0000000000000000 | 00 00 00 00 00 00 00 00
RBX=0x0000795070b0c760 points into unknown readable memory: 0x00007950b8ca29d8 | d8 29 ca b8 50 79 00 00
RCX=0x000079507ca78200 points into unknown readable memory: 0x000079507ca1c300 | 00 c3 a1 7c 50 79 00 00
RDX=0x0000000000001655 is an unknown value
RSP=0x0000795094f79c50 is pointing into the stack for thread: 0x00007950b02200e0
RBP=0x0000795094f79c90 is pointing into the stack for thread: 0x00007950b02200e0
RSI=0x000079507cadc188 points into unknown readable memory: 0x0000794df8032af0 | f0 2a 03 f8 4d 79 00 00
RDI=0x0000795094f7a080 is pointing into the stack for thread: 0x00007950b02200e0
R8 =0x000079507ca78200 points into unknown readable memory: 0x000079507ca1c300 | 00 c3 a1 7c 50 79 00 00
R9 =0x0000795070d4f530 points into unknown readable memory: 0x00007950b8c9da78 | 78 da c9 b8 50 79 00 00
R10=0x0000795070d4f530 points into unknown readable memory: 0x00007950b8c9da78 | 78 da c9 b8 50 79 00 00
R11=0x0000000000000002 is an unknown value
R12=0x0000794df8032af0 is an unknown value
R13=0x0000794ff8033af8 points into unknown readable memory: 0x00007950b8c95610 | 10 56 c9 b8 50 79 00 00
R14=0x0 is NULL
R15=0x0000795094f7a080 is pointing into the stack for thread: 0x00007950b02200e0


Top of Stack: (sp=0x0000795094f79c50)
0x0000795094f79c50:   0000795070d50b28 000001007c6fb228
0x0000795094f79c60:   0000795094f79c90 0000795070d50b28
0x0000795094f79c70:   0000000000000001 0000795094f7a080
0x0000795094f79c80:   0000795094f79da0 0000795094f79d60
0x0000795094f79c90:   0000795094f79d10 00007950b84dd1d8
0x0000795094f79ca0:   0000795094f79d10 0000795070d47190
0x0000795094f79cb0:   0000794ffc0ef340 0000795094f7aa38
0x0000795094f79cc0:   0000000294f7a080 0000795094f79d80
0x0000795094f79cd0:   0000795000000002 0000795070d4f9e8
0x0000795094f79ce0:   0000795094f79da0 0000795094f7a080
0x0000795094f79cf0:   0000795094f79d60 000000000000000e
0x0000795094f79d00:   0000795094f79da0 0000795094f79d80
0x0000795094f79d10:   0000795094f7a050 00007950b84ddb66
0x0000795094f79d20:   0000000000000000 0000000000000001
0x0000795094f79d30:   000000000000209c 000079500000209d
0x0000795094f79d40:   00007950b003f7f0 0000000000000002
0x0000795094f79d50:   0000000000000000 0000000000000000
0x0000795094f79d60:   0000000000000200 000079504c832600
0x0000795094f79d70:   0000000000000200 00007950b021ea20
0x0000795094f79d80:   000079507cac0a70 000079507cad0ec0
0x0000795094f79d90:   000079507cac0a50 00007950b021ea20
0x0000795094f79da0:   00007950b021ea20 0000000000002000
0x0000795094f79db0:   000079507cb28f60 00000000000010fd
0x0000795094f79dc0:   00007950b021ea20 0000000000000004
0x0000795094f79dd0:   000079504cb1b3b0 0000000000000000
0x0000795094f79de0:   0000000000000000 0000000000000000
0x0000795094f79df0:   0000000000000000 0000000000000000
0x0000795094f79e00:   0000000000000000 0000000000000000
0x0000795094f79e10:   0000000000000000 0000000000000000
0x0000795094f79e20:   0000000000000000 0000000000000000
0x0000795094f79e30:   0000000000000007 0000000000000000
0x0000795094f79e40:   0000007b00000000 0000000000020010 

Instructions: (pc=0x00007950b84dc7dc)
0x00007950b84dc6dc:   f7 41 5c 48 89 c1 41 5d 41 5e 5d e9 34 f8 ff ff
0x00007950b84dc6ec:   0f 1f 40 00 55 48 89 e5 41 57 49 89 ff 41 56 41
0x00007950b84dc6fc:   55 41 54 53 89 d3 48 83 ec 18 83 7e 18 02 48 89
0x00007950b84dc70c:   75 c0 0f 84 68 06 00 00 48 8b 7d c0 48 8b 47 08
0x00007950b84dc71c:   48 8b 00 48 85 c0 0f 84 ae 06 00 00 48 83 78 10
0x00007950b84dc72c:   00 0f 84 f6 03 00 00 48 8b 07 ff 10 3d dc 00 00
0x00007950b84dc73c:   00 0f 8f f5 03 00 00 3d a3 00 00 00 0f 8f 5a 04
0x00007950b84dc74c:   00 00 83 f8 1f 74 0e 2d 94 00 00 00 83 f8 02 0f
0x00007950b84dc75c:   87 f0 03 00 00 4c 8b 75 c0 4c 89 ff 41 8b 76 28
0x00007950b84dc76c:   e8 2f bd fe ff 31 c9 4c 89 f6 4c 89 ff 48 89 c2
0x00007950b84dc77c:   48 89 c3 e8 3c f5 ff ff 49 89 c4 41 8b 46 2c 89
0x00007950b84dc78c:   45 cc 83 e0 3f 83 f8 30 75 09 4c 39 e3 0f 85 a9
0x00007950b84dc79c:   06 00 00 4d 85 e4 0f 84 be 06 00 00 4d 89 e5 4c
0x00007950b84dc7ac:   39 e3 0f 84 14 08 00 00 0f 1f 40 00 41 8b 44 24
0x00007950b84dc7bc:   2c 83 e0 0f 83 f8 09 0f 84 d7 04 00 00 41 8b 54
0x00007950b84dc7cc:   24 28 49 8b 87 f8 09 00 00 48 8d 34 d0 4c 8b 26
0x00007950b84dc7dc:   49 8b 44 24 08 48 83 38 00 75 2d 41 8b 4f 28 0f
0x00007950b84dc7ec:   1f 44 00 00 41 8b 44 24 28 39 c8 0f 83 cb 03 00
0x00007950b84dc7fc:   00 49 8b 57 30 4c 8b 24 c2 49 83 e4 fe 49 8b 44
0x00007950b84dc80c:   24 08 48 83 38 00 74 dc 4c 89 26 4d 85 e4 0f 84
0x00007950b84dc81c:   c3 03 00 00 41 8b 44 24 28 41 8b 57 28 39 d0 0f
0x00007950b84dc82c:   83 ff 03 00 00 49 8b 4f 30 48 8b 04 c1 48 85 c0
0x00007950b84dc83c:   0f 84 ee 03 00 00 44 0f b7 70 58 4d 85 ed 0f 84
0x00007950b84dc84c:   f5 03 00 00 41 8b 45 28 39 d0 0f 83 34 04 00 00
0x00007950b84dc85c:   49 8b 4f 30 48 8b 04 c1 48 85 c0 0f 84 23 04 00
0x00007950b84dc86c:   00 66 44 3b 70 58 4d 0f 42 ec 4c 39 e3 0f 85 39
0x00007950b84dc87c:   ff ff ff 4d 39 e5 0f 84 55 02 00 00 41 8b 45 2c
0x00007950b84dc88c:   83 e0 0f 83 f8 08 0f 85 e5 01 00 00 0f 1f 84 00
0x00007950b84dc89c:   00 00 00 00 4c 89 ef 31 f6 e8 06 f5 0f 00 48 89
0x00007950b84dc8ac:   c7 48 85 c0 0f 84 c2 01 00 00 e8 15 35 a4 ff 85
0x00007950b84dc8bc:   c0 0f 89 b5 01 00 00 f7 d0 c1 f8 03 83 e0 1f 8d
0x00007950b84dc8cc:   50 ef 83 fa 01 76 09 83 f8 08 0f 85 9c 01 00 00 


Stack slot to memory mapping:
stack at sp + 0 slots: 0x0000795070d50b28 points into unknown readable memory: 0x00007950b8cb7f60 | 60 7f cb b8 50 79 00 00
stack at sp + 1 slots: 0x000001007c6fb228 is an unknown value
stack at sp + 2 slots: 0x0000795094f79c90 is pointing into the stack for thread: 0x00007950b02200e0
stack at sp + 3 slots: 0x0000795070d50b28 points into unknown readable memory: 0x00007950b8cb7f60 | 60 7f cb b8 50 79 00 00
stack at sp + 4 slots: 0x0000000000000001 is an unknown value
stack at sp + 5 slots: 0x0000795094f7a080 is pointing into the stack for thread: 0x00007950b02200e0
stack at sp + 6 slots: 0x0000795094f79da0 is pointing into the stack for thread: 0x00007950b02200e0
stack at sp + 7 slots: 0x0000795094f79d60 is pointing into the stack for thread: 0x00007950b02200e0


---------------  P R O C E S S  ---------------

Threads class SMR info:
_java_thread_list=0x0000794ff4003db0, length=35, elements={
0x00007950b0027f10, 0x00007950b01e7030, 0x00007950b01e85b0, 0x00007950b021a1f0,
0x00007950b021dae0, 0x00007950b021ea80, 0x00007950b02200e0, 0x00007950b02215a0,
0x00007950b02229f0, 0x00007950b0298f10, 0x00007950b038bbd0, 0x00007950702105d0,
0x00007950b05b7f30, 0x0000795040001be0, 0x00007950b05ba420, 0x00007950b05bafb0,
0x00007950b05bc040, 0x00007950b05bd1f0, 0x00007950b05cf3c0, 0x00007950b05e9550,
0x00007950b05ea7c0, 0x00007950b0989650, 0x000079501c00c720, 0x000079501c00d3f0,
0x0000795024134970, 0x0000795024275340, 0x0000795024264920, 0x00007950240df000,
0x000079502435e7e0, 0x0000795024369eb0, 0x00007950705a0390, 0x0000794ff8009c30,
0x000079502485d6e0, 0x0000794ff4000ff0, 0x0000794ff4002f70
}

Java Threads: ( => current thread )
  0x00007950b0027f10 JavaThread "main" [_thread_blocked, id=909707, stack(0x00007950b902a000,0x00007950b912a000)]
  0x00007950b01e7030 JavaThread "Reference Handler" daemon [_thread_blocked, id=909710, stack(0x00007950955f7000,0x00007950956f7000)]
  0x00007950b01e85b0 JavaThread "Finalizer" daemon [_thread_blocked, id=909711, stack(0x00007950954f7000,0x00007950955f7000)]
  0x00007950b021a1f0 JavaThread "Signal Dispatcher" daemon [_thread_blocked, id=909712, stack(0x000079509517f000,0x000079509527f000)]
  0x00007950b021dae0 JavaThread "Service Thread" daemon [_thread_blocked, id=909713, stack(0x000079509507f000,0x000079509517f000)]
  0x00007950b021ea80 JavaThread "Monitor Deflation Thread" daemon [_thread_blocked, id=909714, stack(0x0000795094f7f000,0x000079509507f000)]
=>0x00007950b02200e0 JavaThread "C2 CompilerThread0" daemon [_thread_in_native, id=909715, stack(0x0000795094e7f000,0x0000795094f7f000)]
  0x00007950b02215a0 JavaThread "C1 CompilerThread0" daemon [_thread_blocked, id=909716, stack(0x0000795094d7f000,0x0000795094e7f000)]
  0x00007950b02229f0 JavaThread "Sweeper thread" daemon [_thread_blocked, id=909717, stack(0x0000795094c7f000,0x0000795094d7f000)]
  0x00007950b0298f10 JavaThread "Common-Cleaner" daemon [_thread_blocked, id=909719, stack(0x0000795094b7f000,0x0000795094c7f000)]
  0x00007950b038bbd0 JavaThread "Notification Thread" daemon [_thread_blocked, id=909722, stack(0x000079509487f000,0x000079509497f000)]
  0x00007950702105d0 JavaThread "C2 CompilerThread1" daemon [_thread_blocked, id=909750, stack(0x0000795094a7f000,0x0000795094b7f000)]
  0x00007950b05b7f30 JavaThread "Equinox resolver thread - Equinox Container: 2a64a010-6208-429c-a381-f97a97754ac1" daemon [_thread_blocked, id=909755, stack(0x000079509497f000,0x0000795094a7f000)]
  0x0000795040001be0 JavaThread "Equinox resolver thread - Equinox Container: 2a64a010-6208-429c-a381-f97a97754ac1" daemon [_thread_blocked, id=909756, stack(0x0000795094078000,0x0000795094178000)]
  0x00007950b05ba420 JavaThread "Equinox resolver thread - Equinox Container: 2a64a010-6208-429c-a381-f97a97754ac1" daemon [_thread_blocked, id=909757, stack(0x000079503ff00000,0x0000795040000000)]
  0x00007950b05bafb0 JavaThread "Equinox resolver thread - Equinox Container: 2a64a010-6208-429c-a381-f97a97754ac1" daemon [_thread_blocked, id=909758, stack(0x000079503fe00000,0x000079503ff00000)]
  0x00007950b05bc040 JavaThread "Equinox resolver thread - Equinox Container: 2a64a010-6208-429c-a381-f97a97754ac1" daemon [_thread_blocked, id=909759, stack(0x000079503fd00000,0x000079503fe00000)]
  0x00007950b05bd1f0 JavaThread "Equinox resolver thread - Equinox Container: 2a64a010-6208-429c-a381-f97a97754ac1" daemon [_thread_blocked, id=909760, stack(0x000079503fc00000,0x000079503fd00000)]
  0x00007950b05cf3c0 JavaThread "Active Thread: Equinox Container: 2a64a010-6208-429c-a381-f97a97754ac1" [_thread_blocked, id=909761, stack(0x000079503fb00000,0x000079503fc00000)]
  0x00007950b05e9550 JavaThread "Framework Event Dispatcher: Equinox Container: 2a64a010-6208-429c-a381-f97a97754ac1" daemon [_thread_blocked, id=909763, stack(0x000079503fa00000,0x000079503fb00000)]
  0x00007950b05ea7c0 JavaThread "Start Level: Equinox Container: 2a64a010-6208-429c-a381-f97a97754ac1" daemon [_thread_blocked, id=909764, stack(0x000079503f900000,0x000079503fa00000)]
  0x00007950b0989650 JavaThread "Refresh Thread: Equinox Container: 2a64a010-6208-429c-a381-f97a97754ac1" daemon [_thread_blocked, id=909768, stack(0x000079503f6ff000,0x000079503f7ff000)]
  0x000079501c00c720 JavaThread "Equinox resolver thread - Equinox Container: 2a64a010-6208-429c-a381-f97a97754ac1" daemon [_thread_blocked, id=909769, stack(0x000079503f300000,0x000079503f400000)]
  0x000079501c00d3f0 JavaThread "Equinox resolver thread - Equinox Container: 2a64a010-6208-429c-a381-f97a97754ac1" daemon [_thread_blocked, id=909770, stack(0x000079503f200000,0x000079503f300000)]
  0x0000795024134970 JavaThread "Bundle File Closer" daemon [_thread_blocked, id=909775, stack(0x000079503f000000,0x000079503f100000)]
  0x0000795024275340 JavaThread "SCR Component Actor" daemon [_thread_blocked, id=909778, stack(0x000079503ef00000,0x000079503f000000)]
  0x0000795024264920 JavaThread "SCR Component Registry" daemon [_thread_blocked, id=909781, stack(0x000079503ee00000,0x000079503ef00000)]
  0x00007950240df000 JavaThread "Worker-JM" [_thread_blocked, id=909787, stack(0x000079503f100000,0x000079503f200000)]
  0x000079502435e7e0 JavaThread "Worker-0: Repository registry initialization" [_thread_blocked, id=909790, stack(0x000079503ed00000,0x000079503ee00000)]
  0x0000795024369eb0 JavaThread "Worker-1: Updating Maven Dependencies" [_thread_in_Java, id=909791, stack(0x000079503ec00000,0x000079503ed00000)]
  0x00007950705a0390 JavaThread "C2 CompilerThread2" daemon [_thread_in_native, id=909795, stack(0x000079503eb00000,0x000079503ec00000)]
  0x0000794ff8009c30 JavaThread "Worker-2" [_thread_blocked, id=909801, stack(0x000079503ea00000,0x000079503eb00000)]
  0x000079502485d6e0 JavaThread "Java indexing" daemon [_thread_blocked, id=909802, stack(0x000079503e900000,0x000079503ea00000)]
  0x0000794ff4000ff0 JavaThread "Worker-3" [_thread_blocked, id=909803, stack(0x000079503e800000,0x000079503e900000)]
  0x0000794ff4002f70 JavaThread "Worker-4" [_thread_blocked, id=909807, stack(0x000079503e485000,0x000079503e585000)]

Other Threads:
  0x00007950b0068f90 VMThread "VM Thread" [stack: 0x00007950956f8000,0x00007950957f8000] [id=909709] _threads_hazard_ptr=0x0000794ff4003db0
  0x00007950b032fe90 WatcherThread [stack: 0x000079509477f000,0x000079509487f000] [id=909723]
  0x00007950b003f8a0 GCTaskThread "GC Thread#0" [stack: 0x00007950b4814000,0x00007950b4914000] [id=909708]
  0x0000795090001250 GCTaskThread "GC Thread#1" [stack: 0x000079509467e000,0x000079509477e000] [id=909740]
  0x0000795090002ea0 GCTaskThread "GC Thread#2" [stack: 0x000079509457d000,0x000079509467d000] [id=909741]
  0x00007950900035b0 GCTaskThread "GC Thread#3" [stack: 0x000079509447c000,0x000079509457c000] [id=909742]
  0x0000795090003db0 GCTaskThread "GC Thread#4" [stack: 0x000079509437b000,0x000079509447b000] [id=909743]
  0x00007950900045b0 GCTaskThread "GC Thread#5" [stack: 0x000079509427a000,0x000079509437a000] [id=909744]
  0x0000795090004f70 GCTaskThread "GC Thread#6" [stack: 0x0000795094179000,0x0000795094279000] [id=909745]
  0x0000795090006470 GCTaskThread "GC Thread#7" [stack: 0x000079503f800000,0x000079503f900000] [id=909765]

Threads with active compile tasks:
C2 CompilerThread0     9265 4023   !   4       org.eclipse.osgi.internal.loader.classpath.ClasspathManager::findClassImpl (308 bytes)
C2 CompilerThread1     9266 4025       4       org.eclipse.osgi.internal.loader.classpath.ClasspathEntry::findEntry (56 bytes)
C2 CompilerThread2     9266 4042       4       sun.util.locale.BaseLocale::getInstance (149 bytes)

VM state: not at safepoint (normal execution)

VM Mutex/Monitor currently owned by a thread:  ([mutex/lock_event])
[0x00007950b0025bd0] Compile_lock - owner thread: 0x00007950b05ea7c0
[0x00007950b0025de0] MethodCompileQueue_lock - owner thread: 0x00007950702105d0

Heap address: 0x00000000c0000000, size: 1024 MB, Compressed Oops mode: 32-bit

CDS archive(s) not mapped
Compressed class space mapped at: 0x0000000100000000-0x0000000140000000, reserved size: 1073741824
Narrow klass base: 0x0000000000000000, Narrow klass shift: 3, Narrow klass range: 0x140000000

GC Precious Log:
 CPUs: 8 total, 8 available
 Memory: 11868M
 Large Page Support: Disabled
 NUMA Support: Disabled
 Compressed Oops: Enabled (32-bit)
 Alignments: Space 512K, Generation 512K, Heap 2M
 Heap Min Capacity: 100M
 Heap Initial Capacity: 100M
 Heap Max Capacity: 1G
 Pre-touch: Disabled
 Parallel Workers: 8

Heap:
 PSYoungGen      total 23552K, used 1941K [0x00000000eab00000, 0x00000000ec780000, 0x0000000100000000)
  eden space 22528K, 8% used [0x00000000eab00000,0x00000000eace5568,0x00000000ec100000)
  from space 1024K, 0% used [0x00000000ec680000,0x00000000ec680000,0x00000000ec780000)
  to   space 1024K, 0% used [0x00000000ec580000,0x00000000ec580000,0x00000000ec680000)
 ParOldGen       total 68608K, used 14900K [0x00000000c0000000, 0x00000000c4300000, 0x00000000eab00000)
  object space 68608K, 21% used [0x00000000c0000000,0x00000000c0e8d0c8,0x00000000c4300000)
 Metaspace       used 35424K, committed 36160K, reserved 1114112K
  class space    used 3487K, committed 3840K, reserved 1048576K

Card table byte_map: [0x00007950b4914000,0x00007950b4b15000] _byte_map_base: 0x00007950b4314000

Marking Bits: (ParMarkBitMap*) 0x00007950b8d22400
 Begin Bits: [0x000079509a000000, 0x000079509b000000)
 End Bits:   [0x000079509b000000, 0x000079509c000000)

Polling page: 0x00007950b9233000

Metaspace:

Usage:
  Non-class:     31,19 MB used.
      Class:      3,41 MB used.
       Both:     34,59 MB used.

Virtual space:
  Non-class space:       64,00 MB reserved,      31,56 MB ( 49%) committed,  1 nodes.
      Class space:        1,00 GB reserved,       3,75 MB ( <1%) committed,  1 nodes.
             Both:        1,06 GB reserved,      35,31 MB (  3%) committed. 

Chunk freelists:
   Non-Class:  96,00 KB
       Class:  12,27 MB
        Both:  12,36 MB

MaxMetaspaceSize: unlimited
CompressedClassSpaceSize: 1,00 GB
Initial GC threshold: 21,00 MB
Current GC threshold: 58,38 MB
CDS: off
MetaspaceReclaimPolicy: balanced
 - commit_granule_bytes: 65536.
 - commit_granule_words: 8192.
 - virtual_space_node_default_size: 8388608.
 - enlarge_chunks_in_place: 1.
 - new_chunks_are_fully_committed: 0.
 - uncommit_free_chunks: 1.
 - use_allocation_guard: 0.
 - handle_deallocations: 1.


Internal statistics:

num_allocs_failed_limit: 6.
num_arena_births: 428.
num_arena_deaths: 14.
num_vsnodes_births: 2.
num_vsnodes_deaths: 0.
num_space_committed: 565.
num_space_uncommitted: 0.
num_chunks_returned_to_freelist: 20.
num_chunks_taken_from_freelist: 1532.
num_chunk_merges: 11.
num_chunk_splits: 1013.
num_chunks_enlarged: 676.
num_inconsistent_stats: 0.

CodeHeap 'non-profiled nmethods': size=120028Kb used=1945Kb max_used=1945Kb free=118082Kb
 bounds [0x00007950a8ac9000, 0x00007950a8d39000, 0x00007950b0000000]
CodeHeap 'profiled nmethods': size=120028Kb used=8651Kb max_used=8651Kb free=111376Kb
 bounds [0x00007950a1000000, 0x00007950a1880000, 0x00007950a8537000]
CodeHeap 'non-nmethods': size=5704Kb used=1263Kb max_used=1290Kb free=4440Kb
 bounds [0x00007950a8537000, 0x00007950a87a7000, 0x00007950a8ac9000]
 total_blobs=4618 nmethods=4051 adapters=480
 compilation: enabled
              stopped_count=0, restarted_count=0
 full_count=0

Compilation events (20 events):
Event: 8,822 Thread 0x00007950b02215a0 4056       1       java.util.Hashtable$Entry::getValue (5 bytes)
Event: 8,822 Thread 0x00007950b02215a0 nmethod 4056 0x00007950a8c9e490 code [0x00007950a8c9e620, 0x00007950a8c9e6f0]
Event: 8,822 Thread 0x00007950b02215a0 4057       3       java.util.Hashtable$Enumerator::hasNext (5 bytes)
Event: 8,822 Thread 0x00007950b02215a0 nmethod 4057 0x00007950a1868e90 code [0x00007950a1869040, 0x00007950a1869180]
Event: 8,822 Thread 0x00007950b02215a0 4058       3       java.util.Hashtable$Enumerator::next (27 bytes)
Event: 8,823 Thread 0x00007950b02215a0 nmethod 4058 0x00007950a1869210 code [0x00007950a18693e0, 0x00007950a1869630]
Event: 8,839 Thread 0x00007950b02215a0 4059       3       org.eclipse.jdt.internal.core.JavaModelManager::getOptionLevel (30 bytes)
Event: 8,839 Thread 0x00007950b02215a0 nmethod 4059 0x00007950a1869790 code [0x00007950a1869980, 0x00007950a1869e90]
Event: 8,840 Thread 0x00007950b02215a0 4060       3       org.eclipse.jdt.internal.core.JavaModelManager::storePreference (169 bytes)
Event: 8,841 Thread 0x00007950b02215a0 nmethod 4060 0x00007950a186a010 code [0x00007950a186a2a0, 0x00007950a186b220]
Event: 8,841 Thread 0x00007950b02215a0 4061       3       java.util.concurrent.ConcurrentLinkedQueue::updateHead (26 bytes)
Event: 8,843 Thread 0x00007950b02215a0 nmethod 4061 0x00007950a186b710 code [0x00007950a186baa0, 0x00007950a186d130]
Event: 8,843 Thread 0x00007950b02215a0 4062   !   3       org.eclipse.core.internal.preferences.EclipsePreferences::remove (59 bytes)
Event: 8,844 Thread 0x00007950b02215a0 nmethod 4062 0x00007950a186d890 code [0x00007950a186db20, 0x00007950a186e8a0]
Event: 8,845 Thread 0x00007950b02215a0 4063       3       java.util.concurrent.ConcurrentHashMap::remove (8 bytes)
Event: 8,845 Thread 0x00007950b02215a0 nmethod 4063 0x00007950a186ee90 code [0x00007950a186f040, 0x00007950a186f180]
Event: 8,845 Thread 0x00007950b02215a0 4064       3       java.lang.Module::allows (60 bytes)
Event: 8,846 Thread 0x00007950b02215a0 nmethod 4064 0x00007950a186f210 code [0x00007950a186f420, 0x00007950a186fa40]
Event: 8,863 Thread 0x00007950b02215a0 4065       3       jdk.internal.jimage.ImageBufferCache$2::compare (13 bytes)
Event: 8,864 Thread 0x00007950b02215a0 nmethod 4065 0x00007950a186fb90 code [0x00007950a186fdc0, 0x00007950a1870790]

GC Heap History (20 events):
Event: 5,527 GC heap before
{Heap before GC invocations=5 (full 0):
 PSYoungGen      total 29696K, used 29672K [0x00000000eab00000, 0x00000000ecc00000, 0x0000000100000000)
  eden space 25600K, 100% used [0x00000000eab00000,0x00000000ec400000,0x00000000ec400000)
  from space 4096K, 99% used [0x00000000ec800000,0x00000000ecbfa0c0,0x00000000ecc00000)
  to   space 4096K, 0% used [0x00000000ec400000,0x00000000ec400000,0x00000000ec800000)
 ParOldGen       total 68608K, used 9451K [0x00000000c0000000, 0x00000000c4300000, 0x00000000eab00000)
  object space 68608K, 13% used [0x00000000c0000000,0x00000000c093adf8,0x00000000c4300000)
 Metaspace       used 20174K, committed 20544K, reserved 1114112K
  class space    used 2054K, committed 2240K, reserved 1048576K
}
Event: 5,537 GC heap after
{Heap after GC invocations=5 (full 0):
 PSYoungGen      total 29184K, used 4091K [0x00000000eab00000, 0x00000000ecf80000, 0x0000000100000000)
  eden space 25088K, 0% used [0x00000000eab00000,0x00000000eab00000,0x00000000ec380000)
  from space 4096K, 99% used [0x00000000ec400000,0x00000000ec7fec88,0x00000000ec800000)
  to   space 6144K, 0% used [0x00000000ec980000,0x00000000ec980000,0x00000000ecf80000)
 ParOldGen       total 68608K, used 10596K [0x00000000c0000000, 0x00000000c4300000, 0x00000000eab00000)
  object space 68608K, 15% used [0x00000000c0000000,0x00000000c0a591f8,0x00000000c4300000)
 Metaspace       used 20174K, committed 20544K, reserved 1114112K
  class space    used 2054K, committed 2240K, reserved 1048576K
}
Event: 5,836 GC heap before
{Heap before GC invocations=6 (full 0):
 PSYoungGen      total 29184K, used 10301K [0x00000000eab00000, 0x00000000ecf80000, 0x0000000100000000)
  eden space 25088K, 24% used [0x00000000eab00000,0x00000000eb1108d0,0x00000000ec380000)
  from space 4096K, 99% used [0x00000000ec400000,0x00000000ec7fec88,0x00000000ec800000)
  to   space 6144K, 0% used [0x00000000ec980000,0x00000000ec980000,0x00000000ecf80000)
 ParOldGen       total 68608K, used 10596K [0x00000000c0000000, 0x00000000c4300000, 0x00000000eab00000)
  object space 68608K, 15% used [0x00000000c0000000,0x00000000c0a591f8,0x00000000c4300000)
 Metaspace       used 21131K, committed 21504K, reserved 1114112K
  class space    used 2132K, committed 2304K, reserved 1048576K
}
Event: 5,843 GC heap after
{Heap after GC invocations=6 (full 0):
 PSYoungGen      total 29696K, used 4578K [0x00000000eab00000, 0x00000000ece00000, 0x0000000100000000)
  eden space 25088K, 0% used [0x00000000eab00000,0x00000000eab00000,0x00000000ec380000)
  from space 4608K, 99% used [0x00000000ec980000,0x00000000ecdf8af8,0x00000000ece00000)
  to   space 5120K, 0% used [0x00000000ec400000,0x00000000ec400000,0x00000000ec900000)
 ParOldGen       total 68608K, used 10604K [0x00000000c0000000, 0x00000000c4300000, 0x00000000eab00000)
  object space 68608K, 15% used [0x00000000c0000000,0x00000000c0a5b1f8,0x00000000c4300000)
 Metaspace       used 21131K, committed 21504K, reserved 1114112K
  class space    used 2132K, committed 2304K, reserved 1048576K
}
Event: 5,844 GC heap before
{Heap before GC invocations=7 (full 1):
 PSYoungGen      total 29696K, used 4578K [0x00000000eab00000, 0x00000000ece00000, 0x0000000100000000)
  eden space 25088K, 0% used [0x00000000eab00000,0x00000000eab00000,0x00000000ec380000)
  from space 4608K, 99% used [0x00000000ec980000,0x00000000ecdf8af8,0x00000000ece00000)
  to   space 5120K, 0% used [0x00000000ec400000,0x00000000ec400000,0x00000000ec900000)
 ParOldGen       total 68608K, used 10604K [0x00000000c0000000, 0x00000000c4300000, 0x00000000eab00000)
  object space 68608K, 15% used [0x00000000c0000000,0x00000000c0a5b1f8,0x00000000c4300000)
 Metaspace       used 21131K, committed 21504K, reserved 1114112K
  class space    used 2132K, committed 2304K, reserved 1048576K
}
Event: 5,906 GC heap after
{Heap after GC invocations=7 (full 1):
 PSYoungGen      total 29696K, used 0K [0x00000000eab00000, 0x00000000ece00000, 0x0000000100000000)
  eden space 25088K, 0% used [0x00000000eab00000,0x00000000eab00000,0x00000000ec380000)
  from space 4608K, 0% used [0x00000000ec980000,0x00000000ec980000,0x00000000ece00000)
  to   space 5120K, 0% used [0x00000000ec400000,0x00000000ec400000,0x00000000ec900000)
 ParOldGen       total 68608K, used 10556K [0x00000000c0000000, 0x00000000c4300000, 0x00000000eab00000)
  object space 68608K, 15% used [0x00000000c0000000,0x00000000c0a4f398,0x00000000c4300000)
 Metaspace       used 21131K, committed 21504K, reserved 1114112K
  class space    used 2132K, committed 2304K, reserved 1048576K
}
Event: 6,733 GC heap before
{Heap before GC invocations=8 (full 1):
 PSYoungGen      total 29696K, used 25088K [0x00000000eab00000, 0x00000000ece00000, 0x0000000100000000)
  eden space 25088K, 100% used [0x00000000eab00000,0x00000000ec380000,0x00000000ec380000)
  from space 4608K, 0% used [0x00000000ec980000,0x00000000ec980000,0x00000000ece00000)
  to   space 5120K, 0% used [0x00000000ec400000,0x00000000ec400000,0x00000000ec900000)
 ParOldGen       total 68608K, used 10556K [0x00000000c0000000, 0x00000000c4300000, 0x00000000eab00000)
  object space 68608K, 15% used [0x00000000c0000000,0x00000000c0a4f398,0x00000000c4300000)
 Metaspace       used 24752K, committed 25280K, reserved 1114112K
  class space    used 2513K, committed 2752K, reserved 1048576K
}
Event: 6,739 GC heap after
{Heap after GC invocations=8 (full 1):
 PSYoungGen      total 26112K, used 1248K [0x00000000eab00000, 0x00000000eca00000, 0x0000000100000000)
  eden space 24576K, 0% used [0x00000000eab00000,0x00000000eab00000,0x00000000ec300000)
  from space 1536K, 81% used [0x00000000ec400000,0x00000000ec538000,0x00000000ec580000)
  to   space 2560K, 0% used [0x00000000ec780000,0x00000000ec780000,0x00000000eca00000)
 ParOldGen       total 68608K, used 10564K [0x00000000c0000000, 0x00000000c4300000, 0x00000000eab00000)
  object space 68608K, 15% used [0x00000000c0000000,0x00000000c0a51398,0x00000000c4300000)
 Metaspace       used 24752K, committed 25280K, reserved 1114112K
  class space    used 2513K, committed 2752K, reserved 1048576K
}
Event: 7,417 GC heap before
{Heap before GC invocations=9 (full 1):
 PSYoungGen      total 26112K, used 25824K [0x00000000eab00000, 0x00000000eca00000, 0x0000000100000000)
  eden space 24576K, 100% used [0x00000000eab00000,0x00000000ec300000,0x00000000ec300000)
  from space 1536K, 81% used [0x00000000ec400000,0x00000000ec538000,0x00000000ec580000)
  to   space 2560K, 0% used [0x00000000ec780000,0x00000000ec780000,0x00000000eca00000)
 ParOldGen       total 68608K, used 10564K [0x00000000c0000000, 0x00000000c4300000, 0x00000000eab00000)
  object space 68608K, 15% used [0x00000000c0000000,0x00000000c0a51398,0x00000000c4300000)
 Metaspace       used 27648K, committed 28288K, reserved 1114112K
  class space    used 2828K, committed 3136K, reserved 1048576K
}
Event: 7,422 GC heap after
{Heap after GC invocations=9 (full 1):
 PSYoungGen      total 26624K, used 2544K [0x00000000eab00000, 0x00000000eca00000, 0x0000000100000000)
  eden space 24064K, 0% used [0x00000000eab00000,0x00000000eab00000,0x00000000ec280000)
  from space 2560K, 99% used [0x00000000ec780000,0x00000000ec9fc238,0x00000000eca00000)
  to   space 3072K, 0% used [0x00000000ec400000,0x00000000ec400000,0x00000000ec700000)
 ParOldGen       total 68608K, used 10612K [0x00000000c0000000, 0x00000000c4300000, 0x00000000eab00000)
  object space 68608K, 15% used [0x00000000c0000000,0x00000000c0a5d398,0x00000000c4300000)
 Metaspace       used 27648K, committed 28288K, reserved 1114112K
  class space    used 2828K, committed 3136K, reserved 1048576K
}
Event: 7,817 GC heap before
{Heap before GC invocations=10 (full 1):
 PSYoungGen      total 26624K, used 26608K [0x00000000eab00000, 0x00000000eca00000, 0x0000000100000000)
  eden space 24064K, 100% used [0x00000000eab00000,0x00000000ec280000,0x00000000ec280000)
  from space 2560K, 99% used [0x00000000ec780000,0x00000000ec9fc238,0x00000000eca00000)
  to   space 3072K, 0% used [0x00000000ec400000,0x00000000ec400000,0x00000000ec700000)
 ParOldGen       total 68608K, used 10612K [0x00000000c0000000, 0x00000000c4300000, 0x00000000eab00000)
  object space 68608K, 15% used [0x00000000c0000000,0x00000000c0a5d398,0x00000000c4300000)
 Metaspace       used 30111K, committed 30656K, reserved 1114112K
  class space    used 2988K, committed 3264K, reserved 1048576K
}
Event: 7,824 GC heap after
{Heap after GC invocations=10 (full 1):
 PSYoungGen      total 26624K, used 2676K [0x00000000eab00000, 0x00000000ec800000, 0x0000000100000000)
  eden space 23552K, 0% used [0x00000000eab00000,0x00000000eab00000,0x00000000ec200000)
  from space 3072K, 87% used [0x00000000ec400000,0x00000000ec69d0a8,0x00000000ec700000)
  to   space 1024K, 0% used [0x00000000ec700000,0x00000000ec700000,0x00000000ec800000)
 ParOldGen       total 68608K, used 10620K [0x00000000c0000000, 0x00000000c4300000, 0x00000000eab00000)
  object space 68608K, 15% used [0x00000000c0000000,0x00000000c0a5f398,0x00000000c4300000)
 Metaspace       used 30111K, committed 30656K, reserved 1114112K
  class space    used 2988K, committed 3264K, reserved 1048576K
}
Event: 8,147 GC heap before
{Heap before GC invocations=11 (full 1):
 PSYoungGen      total 26624K, used 26228K [0x00000000eab00000, 0x00000000ec800000, 0x0000000100000000)
  eden space 23552K, 100% used [0x00000000eab00000,0x00000000ec200000,0x00000000ec200000)
  from space 3072K, 87% used [0x00000000ec400000,0x00000000ec69d0a8,0x00000000ec700000)
  to   space 1024K, 0% used [0x00000000ec700000,0x00000000ec700000,0x00000000ec800000)
 ParOldGen       total 68608K, used 10620K [0x00000000c0000000, 0x00000000c4300000, 0x00000000eab00000)
  object space 68608K, 15% used [0x00000000c0000000,0x00000000c0a5f398,0x00000000c4300000)
 Metaspace       used 32197K, committed 32896K, reserved 1114112K
  class space    used 3142K, committed 3456K, reserved 1048576K
}
Event: 8,154 GC heap after
{Heap after GC invocations=11 (full 1):
 PSYoungGen      total 24064K, used 590K [0x00000000eab00000, 0x00000000ec800000, 0x0000000100000000)
  eden space 23040K, 0% used [0x00000000eab00000,0x00000000eab00000,0x00000000ec180000)
  from space 1024K, 57% used [0x00000000ec700000,0x00000000ec793890,0x00000000ec800000)
  to   space 1536K, 0% used [0x00000000ec500000,0x00000000ec500000,0x00000000ec680000)
 ParOldGen       total 68608K, used 14682K [0x00000000c0000000, 0x00000000c4300000, 0x00000000eab00000)
  object space 68608K, 21% used [0x00000000c0000000,0x00000000c0e56800,0x00000000c4300000)
 Metaspace       used 32197K, committed 32896K, reserved 1114112K
  class space    used 3142K, committed 3456K, reserved 1048576K
}
Event: 8,834 GC heap before
{Heap before GC invocations=12 (full 1):
 PSYoungGen      total 24064K, used 23630K [0x00000000eab00000, 0x00000000ec800000, 0x0000000100000000)
  eden space 23040K, 99% used [0x00000000eab00000,0x00000000ec17ffd0,0x00000000ec180000)
  from space 1024K, 57% used [0x00000000ec700000,0x00000000ec793890,0x00000000ec800000)
  to   space 1536K, 0% used [0x00000000ec500000,0x00000000ec500000,0x00000000ec680000)
 ParOldGen       total 68608K, used 14682K [0x00000000c0000000, 0x00000000c4300000, 0x00000000eab00000)
  object space 68608K, 21% used [0x00000000c0000000,0x00000000c0e56800,0x00000000c4300000)
 Metaspace       used 34785K, committed 35520K, reserved 1114112K
  class space    used 3414K, committed 3712K, reserved 1048576K
}
Event: 8,837 GC heap after
{Heap after GC invocations=12 (full 1):
 PSYoungGen      total 24064K, used 1033K [0x00000000eab00000, 0x00000000ec780000, 0x0000000100000000)
  eden space 22528K, 0% used [0x00000000eab00000,0x00000000eab00000,0x00000000ec100000)
  from space 1536K, 67% used [0x00000000ec500000,0x00000000ec602590,0x00000000ec680000)
  to   space 1024K, 0% used [0x00000000ec680000,0x00000000ec680000,0x00000000ec780000)
 ParOldGen       total 68608K, used 15036K [0x00000000c0000000, 0x00000000c4300000, 0x00000000eab00000)
  object space 68608K, 21% used [0x00000000c0000000,0x00000000c0eaf048,0x00000000c4300000)
 Metaspace       used 34785K, committed 35520K, reserved 1114112K
  class space    used 3414K, committed 3712K, reserved 1048576K
}
Event: 8,894 GC heap before
{Heap before GC invocations=13 (full 1):
 PSYoungGen      total 24064K, used 3525K [0x00000000eab00000, 0x00000000ec780000, 0x0000000100000000)
  eden space 22528K, 11% used [0x00000000eab00000,0x00000000ead6f130,0x00000000ec100000)
  from space 1536K, 67% used [0x00000000ec500000,0x00000000ec602590,0x00000000ec680000)
  to   space 1024K, 0% used [0x00000000ec680000,0x00000000ec680000,0x00000000ec780000)
 ParOldGen       total 68608K, used 15036K [0x00000000c0000000, 0x00000000c4300000, 0x00000000eab00000)
  object space 68608K, 21% used [0x00000000c0000000,0x00000000c0eaf048,0x00000000c4300000)
 Metaspace       used 35173K, committed 35840K, reserved 1114112K
  class space    used 3451K, committed 3776K, reserved 1048576K
}
Event: 8,904 GC heap after
{Heap after GC invocations=13 (full 1):
 PSYoungGen      total 23552K, used 544K [0x00000000eab00000, 0x00000000ec780000, 0x0000000100000000)
  eden space 22528K, 0% used [0x00000000eab00000,0x00000000eab00000,0x00000000ec100000)
  from space 1024K, 53% used [0x00000000ec680000,0x00000000ec708000,0x00000000ec780000)
  to   space 1024K, 0% used [0x00000000ec580000,0x00000000ec580000,0x00000000ec680000)
 ParOldGen       total 68608K, used 15992K [0x00000000c0000000, 0x00000000c4300000, 0x00000000eab00000)
  object space 68608K, 23% used [0x00000000c0000000,0x00000000c0f9e338,0x00000000c4300000)
 Metaspace       used 35173K, committed 35840K, reserved 1114112K
  class space    used 3451K, committed 3776K, reserved 1048576K
}
Event: 8,904 GC heap before
{Heap before GC invocations=14 (full 2):
 PSYoungGen      total 23552K, used 544K [0x00000000eab00000, 0x00000000ec780000, 0x0000000100000000)
  eden space 22528K, 0% used [0x00000000eab00000,0x00000000eab00000,0x00000000ec100000)
  from space 1024K, 53% used [0x00000000ec680000,0x00000000ec708000,0x00000000ec780000)
  to   space 1024K, 0% used [0x00000000ec580000,0x00000000ec580000,0x00000000ec680000)
 ParOldGen       total 68608K, used 15992K [0x00000000c0000000, 0x00000000c4300000, 0x00000000eab00000)
  object space 68608K, 23% used [0x00000000c0000000,0x00000000c0f9e338,0x00000000c4300000)
 Metaspace       used 35173K, committed 35840K, reserved 1114112K
  class space    used 3451K, committed 3776K, reserved 1048576K
}
Event: 9,036 GC heap after
{Heap after GC invocations=14 (full 2):
 PSYoungGen      total 23552K, used 0K [0x00000000eab00000, 0x00000000ec780000, 0x0000000100000000)
  eden space 22528K, 0% used [0x00000000eab00000,0x00000000eab00000,0x00000000ec100000)
  from space 1024K, 0% used [0x00000000ec680000,0x00000000ec680000,0x00000000ec780000)
  to   space 1024K, 0% used [0x00000000ec580000,0x00000000ec580000,0x00000000ec680000)
 ParOldGen       total 68608K, used 14900K [0x00000000c0000000, 0x00000000c4300000, 0x00000000eab00000)
  object space 68608K, 21% used [0x00000000c0000000,0x00000000c0e8d0c8,0x00000000c4300000)
 Metaspace       used 35159K, committed 35840K, reserved 1114112K
  class space    used 3447K, committed 3776K, reserved 1048576K
}

Dll operation events (11 events):
Event: 0,021 Loaded shared library /home/eder/.vscode/extensions/redhat.java-1.32.0-linux-x64/jre/17.0.11-linux-x86_64/lib/libjava.so
Event: 0,285 Loaded shared library /home/eder/.vscode/extensions/redhat.java-1.32.0-linux-x64/jre/17.0.11-linux-x86_64/lib/libzip.so
Event: 0,289 Loaded shared library /home/eder/.vscode/extensions/redhat.java-1.32.0-linux-x64/jre/17.0.11-linux-x86_64/lib/libinstrument.so
Event: 0,300 Loaded shared library /home/eder/.vscode/extensions/redhat.java-1.32.0-linux-x64/jre/17.0.11-linux-x86_64/lib/libnio.so
Event: 0,315 Loaded shared library /home/eder/.vscode/extensions/redhat.java-1.32.0-linux-x64/jre/17.0.11-linux-x86_64/lib/libzip.so
Event: 0,341 Loaded shared library /home/eder/.vscode/extensions/redhat.java-1.32.0-linux-x64/jre/17.0.11-linux-x86_64/lib/libjimage.so
Event: 0,424 Loaded shared library /home/eder/.vscode/extensions/redhat.java-1.32.0-linux-x64/jre/17.0.11-linux-x86_64/lib/libverify.so
Event: 0,889 Loaded shared library /home/eder/.vscode/extensions/redhat.java-1.32.0-linux-x64/jre/17.0.11-linux-x86_64/lib/libnet.so
Event: 2,696 Loaded shared library /home/eder/.config/Code/User/globalStorage/redhat.java/1.32.0/config_linux/org.eclipse.equinox.launcher/org.eclipse.equinox.launcher.gtk.linux.x86_64_1.2.1100.v20240613-2013/eclipse_11903.so
Event: 6,124 Loaded shared library /home/eder/.vscode/extensions/redhat.java-1.32.0-linux-x64/jre/17.0.11-linux-x86_64/lib/libmanagement.so
Event: 6,127 Loaded shared library /home/eder/.vscode/extensions/redhat.java-1.32.0-linux-x64/jre/17.0.11-linux-x86_64/lib/libmanagement_ext.so

Deoptimization events (20 events):
Event: 8,480 Thread 0x0000795024369eb0 DEOPT PACKING pc=0x00007950a8c7282c sp=0x000079503ecfdba0
Event: 8,480 Thread 0x0000795024369eb0 DEOPT UNPACKING pc=0x00007950a858d399 sp=0x000079503ecfdb48 mode 2
Event: 8,502 Thread 0x00007950b05ea7c0 Uncommon trap: trap_request=0xffffff45 fr.pc=0x00007950a8c66b60 relative=0x00000000000011e0
Event: 8,502 Thread 0x00007950b05ea7c0 Uncommon trap: reason=unstable_if action=reinterpret pc=0x00007950a8c66b60 method=java.util.Properties.loadConvert([CIILjava/lang/StringBuilder;)Ljava/lang/String; @ 463 c2
Event: 8,502 Thread 0x00007950b05ea7c0 DEOPT PACKING pc=0x00007950a8c66b60 sp=0x000079503f9f7d60
Event: 8,502 Thread 0x00007950b05ea7c0 DEOPT UNPACKING pc=0x00007950a858d399 sp=0x000079503f9f7d50 mode 2
Event: 8,510 Thread 0x00007950b05ea7c0 Uncommon trap: trap_request=0xffffffc6 fr.pc=0x00007950a8b71bf8 relative=0x00000000000009b8
Event: 8,510 Thread 0x00007950b05ea7c0 Uncommon trap: reason=bimorphic_or_optimized_type_check action=maybe_recompile pc=0x00007950a8b71bf8 method=java.util.HashMap.putVal(ILjava/lang/Object;Ljava/lang/Object;ZZ)Ljava/lang/Object; @ 56 c2
Event: 8,510 Thread 0x00007950b05ea7c0 DEOPT PACKING pc=0x00007950a8b71bf8 sp=0x000079503f9f8ea0
Event: 8,510 Thread 0x00007950b05ea7c0 DEOPT UNPACKING pc=0x00007950a858d399 sp=0x000079503f9f8dc0 mode 2
Event: 8,511 Thread 0x00007950b05ea7c0 Uncommon trap: trap_request=0xffffffc6 fr.pc=0x00007950a8b71c0c relative=0x00000000000009cc
Event: 8,511 Thread 0x00007950b05ea7c0 Uncommon trap: reason=bimorphic_or_optimized_type_check action=maybe_recompile pc=0x00007950a8b71c0c method=java.util.HashMap.putVal(ILjava/lang/Object;Ljava/lang/Object;ZZ)Ljava/lang/Object; @ 253 c2
Event: 8,511 Thread 0x00007950b05ea7c0 DEOPT PACKING pc=0x00007950a8b71c0c sp=0x000079503f9f8df0
Event: 8,511 Thread 0x00007950b05ea7c0 DEOPT UNPACKING pc=0x00007950a858d399 sp=0x000079503f9f8d38 mode 2
Event: 8,521 Thread 0x0000795024369eb0 Uncommon trap: trap_request=0xffffff45 fr.pc=0x00007950a8c98ccc relative=0x00000000000000ac
Event: 8,521 Thread 0x0000795024369eb0 Uncommon trap: reason=unstable_if action=reinterpret pc=0x00007950a8c98ccc method=org.codehaus.plexus.util.xml.pull.MXParser.more()C @ 8 c2
Event: 8,521 Thread 0x0000795024369eb0 DEOPT PACKING pc=0x00007950a8c98ccc sp=0x000079503ecfdd70
Event: 8,521 Thread 0x0000795024369eb0 DEOPT UNPACKING pc=0x00007950a858d399 sp=0x000079503ecfdd18 mode 2
Event: 8,538 Thread 0x00007950b05ea7c0 DEOPT PACKING pc=0x00007950a14d1414 sp=0x000079503f9f9fd0
Event: 8,538 Thread 0x00007950b05ea7c0 DEOPT UNPACKING pc=0x00007950a858db2f sp=0x000079503f9f9540 mode 0

Classes unloaded (7 events):
Event: 8,927 Thread 0x00007950b0068f90 Unloading class 0x0000000100262000 'java/lang/invoke/LambdaForm$MH+0x0000000100262000'
Event: 8,927 Thread 0x00007950b0068f90 Unloading class 0x0000000100261c00 'java/lang/invoke/LambdaForm$MH+0x0000000100261c00'
Event: 8,927 Thread 0x00007950b0068f90 Unloading class 0x0000000100261800 'java/lang/invoke/LambdaForm$MH+0x0000000100261800'
Event: 8,927 Thread 0x00007950b0068f90 Unloading class 0x0000000100261400 'java/lang/invoke/LambdaForm$MH+0x0000000100261400'
Event: 8,927 Thread 0x00007950b0068f90 Unloading class 0x0000000100261000 'java/lang/invoke/LambdaForm$BMH+0x0000000100261000'
Event: 8,927 Thread 0x00007950b0068f90 Unloading class 0x0000000100260c00 'java/lang/invoke/LambdaForm$DMH+0x0000000100260c00'
Event: 8,927 Thread 0x00007950b0068f90 Unloading class 0x000000010025c400 'java/lang/invoke/LambdaForm$DMH+0x000000010025c400'

Classes redefined (0 events):
No events

Internal exceptions (20 events):
Event: 8,350 Thread 0x000079502435e7e0 Exception <a 'java/lang/NoSuchMethodError'{0x00000000eb1a23f0}: 'java.lang.Object java.lang.invoke.DirectMethodHandle$Holder.invokeStaticInit(java.lang.Object, java.lang.Object, java.lang.Object, java.lang.Object, java.lang.Object, java.lang.Object, java.lang.Object)'> (0x00000000eb1a23f0) 
thrown [src/hotspot/share/interpreter/linkResolver.cpp, line 758]
Event: 8,352 Thread 0x000079502435e7e0 Exception <a 'java/lang/NoSuchMethodError'{0x00000000eb1ab348}: 'java.lang.Object java.lang.invoke.DirectMethodHandle$Holder.invokeSpecial(java.lang.Object, java.lang.Object, java.lang.Object, java.lang.Object, java.lang.Object, java.lang.Object, java.lang.Object, java.lang.Object, java.lang.Object)'> (0x00000000eb1ab348) 
thrown [src/hotspot/share/interpreter/linkResolver.cpp, line 758]
Event: 8,352 Thread 0x000079502435e7e0 Exception <a 'java/lang/NoSuchMethodError'{0x00000000eb1b01d8}: 'java.lang.Object java.lang.invoke.Invokers$Holder.invoke_MT(java.lang.Object, java.lang.Object, java.lang.Object, java.lang.Object, java.lang.Object, java.lang.Object, java.lang.Object, java.lang.Object, java.lang.Object)'> (0x00000000eb1b01d8) 
thrown [src/hotspot/share/interpreter/linkResolver.cpp, line 758]
Event: 8,375 Thread 0x000079502435e7e0 Exception <a 'java/lang/NoSuchMethodError'{0x00000000eb266a58}: 'int java.lang.invoke.DirectMethodHandle$Holder.invokeVirtual(java.lang.Object, java.lang.Object, java.lang.Object)'> (0x00000000eb266a58) 
thrown [src/hotspot/share/interpreter/linkResolver.cpp, line 758]
Event: 8,385 Thread 0x000079502435e7e0 Exception <a 'java/lang/NoSuchMethodError'{0x00000000eb297868}: 'int java.lang.invoke.DirectMethodHandle$Holder.invokeVirtual(java.lang.Object, java.lang.Object)'> (0x00000000eb297868) 
thrown [src/hotspot/share/interpreter/linkResolver.cpp, line 758]
Event: 8,395 Thread 0x000079502435e7e0 Exception <a 'java/lang/NoSuchMethodError'{0x00000000eb2a3050}: 'int java.lang.invoke.DirectMethodHandle$Holder.invokeStaticInit(java.lang.Object, int, int)'> (0x00000000eb2a3050) 
thrown [src/hotspot/share/interpreter/linkResolver.cpp, line 758]
Event: 8,397 Thread 0x000079502435e7e0 Exception <a 'java/lang/NoSuchMethodError'{0x00000000eb2d31d8}: 'int java.lang.invoke.DirectMethodHandle$Holder.invokeStaticInit(java.lang.Object, long, long)'> (0x00000000eb2d31d8) 
thrown [src/hotspot/share/interpreter/linkResolver.cpp, line 758]
Event: 8,404 Thread 0x000079502435e7e0 Exception <a 'java/lang/NoSuchMethodError'{0x00000000eb2da4e8}: 'int java.lang.invoke.DirectMethodHandle$Holder.invokeStaticInit(java.lang.Object, float, float)'> (0x00000000eb2da4e8) 
thrown [src/hotspot/share/interpreter/linkResolver.cpp, line 758]
Event: 8,407 Thread 0x000079502435e7e0 Exception <a 'java/lang/NoSuchMethodError'{0x00000000eb2e17e8}: 'int java.lang.invoke.DirectMethodHandle$Holder.invokeStaticInit(java.lang.Object, double, double)'> (0x00000000eb2e17e8) 
thrown [src/hotspot/share/interpreter/linkResolver.cpp, line 758]
Event: 8,408 Thread 0x000079502435e7e0 Exception <a 'java/lang/NoSuchMethodError'{0x00000000eb2e6030}: 'int java.lang.invoke.DirectMethodHandle$Holder.invokeStatic(java.lang.Object, long)'> (0x00000000eb2e6030) 
thrown [src/hotspot/share/interpreter/linkResolver.cpp, line 758]
Event: 8,413 Thread 0x0000795024369eb0 Exception <a 'java/lang/NoSuchMethodError'{0x00000000eb303398}: 'int java.lang.invoke.DirectMethodHandle$Holder.invokeSpecial(java.lang.Object, java.lang.Object, int, int)'> (0x00000000eb303398) 
thrown [src/hotspot/share/interpreter/linkResolver.cpp, line 758]
Event: 8,417 Thread 0x0000795024369eb0 Exception <a 'java/lang/NoSuchMethodError'{0x00000000eb312408}: 'int java.lang.invoke.Invokers$Holder.linkToTargetMethod(java.lang.Object, java.lang.Object)'> (0x00000000eb312408) 
thrown [src/hotspot/share/interpreter/linkResolver.cpp, line 758]
Event: 8,428 Thread 0x000079502435e7e0 Exception <a 'java/lang/NoSuchMethodError'{0x00000000eb3bb3d8}: 'int java.lang.invoke.DirectMethodHandle$Holder.invokeSpecial(java.lang.Object, java.lang.Object, java.lang.Object, java.lang.Object)'> (0x00000000eb3bb3d8) 
thrown [src/hotspot/share/interpreter/linkResolver.cpp, line 758]
Event: 8,459 Thread 0x000079502435e7e0 Exception <a 'java/lang/NoSuchMethodError'{0x00000000eb3ef528}: 'java.lang.Object java.lang.invoke.DirectMethodHandle$Holder.invokeStatic(java.lang.Object, int, java.lang.Object, java.lang.Object)'> (0x00000000eb3ef528) 
thrown [src/hotspot/share/interpreter/linkResolver.cpp, line 758]
Event: 8,463 Thread 0x000079502435e7e0 Exception <a 'java/lang/NoSuchMethodError'{0x00000000eb3f3228}: 'java.lang.Object java.lang.invoke.DelegatingMethodHandle$Holder.delegate(java.lang.Object, int, java.lang.Object, java.lang.Object)'> (0x00000000eb3f3228) 
thrown [src/hotspot/share/interpreter/linkResolver.cpp, line 758]
Event: 8,472 Thread 0x000079502435e7e0 Exception <a 'java/lang/NoSuchMethodError'{0x00000000eb465c10}: 'int java.lang.invoke.Invokers$Holder.linkToTargetMethod(java.lang.Object, java.lang.Object, java.lang.Object)'> (0x00000000eb465c10) 
thrown [src/hotspot/share/interpreter/linkResolver.cpp, line 758]
Event: 8,545 Thread 0x0000795024369eb0 Exception <a 'java/lang/NoSuchMethodError'{0x00000000eb6b7228}: 'java.lang.Object java.lang.invoke.DirectMethodHandle$Holder.invokeSpecialIFC(java.lang.Object, java.lang.Object, java.lang.Object, java.lang.Object)'> (0x00000000eb6b7228) 
thrown [src/hotspot/share/interpreter/linkResolver.cpp, line 758]
Event: 8,608 Thread 0x00007950b05ea7c0 Exception <a 'java/io/FileNotFoundException'{0x00000000eb7c62b0}> (0x00000000eb7c62b0) 
thrown [src/hotspot/share/prims/jni.cpp, line 516]
Event: 8,850 Thread 0x00007950b05ea7c0 Exception <a 'sun/nio/fs/UnixException'{0x00000000eab04648}> (0x00000000eab04648) 
thrown [src/hotspot/share/prims/jni.cpp, line 516]
Event: 8,850 Thread 0x00007950b05ea7c0 Exception <a 'sun/nio/fs/UnixException'{0x00000000eab04dd0}> (0x00000000eab04dd0) 
thrown [src/hotspot/share/prims/jni.cpp, line 516]

VM Operations (20 events):
Event: 6,719 Executing VM operation: ICBufferFull done
Event: 6,733 Executing VM operation: ParallelGCFailedAllocation
Event: 6,740 Executing VM operation: ParallelGCFailedAllocation done
Event: 7,073 Executing VM operation: HandshakeAllThreads
Event: 7,076 Executing VM operation: HandshakeAllThreads done
Event: 7,417 Executing VM operation: ParallelGCFailedAllocation
Event: 7,422 Executing VM operation: ParallelGCFailedAllocation done
Event: 7,817 Executing VM operation: ParallelGCFailedAllocation
Event: 7,824 Executing VM operation: ParallelGCFailedAllocation done
Event: 8,147 Executing VM operation: ParallelGCFailedAllocation
Event: 8,154 Executing VM operation: ParallelGCFailedAllocation done
Event: 8,437 Executing VM operation: HandshakeAllThreads
Event: 8,456 Executing VM operation: HandshakeAllThreads done
Event: 8,458 Executing VM operation: HandshakeAllThreads
Event: 8,459 Executing VM operation: HandshakeAllThreads done
Event: 8,483 Executing VM operation: HandshakeAllThreads
Event: 8,483 Executing VM operation: HandshakeAllThreads done
Event: 8,831 Executing VM operation: ParallelGCFailedAllocation
Event: 8,837 Executing VM operation: ParallelGCFailedAllocation done
Event: 8,894 Executing VM operation: CollectForMetadataAllocation

Events (20 events):
Event: 8,855 loading class sun/util/locale/provider/BaseLocaleDataMetaInfo
Event: 8,862 loading class sun/util/locale/provider/BaseLocaleDataMetaInfo done
Event: 8,865 loading class sun/util/resources/cldr/TimeZoneNames
Event: 8,865 loading class sun/util/resources/TimeZoneNamesBundle
Event: 8,865 loading class sun/util/resources/OpenListResourceBundle
Event: 8,866 loading class sun/util/resources/OpenListResourceBundle done
Event: 8,866 loading class sun/util/resources/TimeZoneNamesBundle done
Event: 8,866 loading class sun/util/resources/cldr/TimeZoneNames done
Event: 8,866 loading class sun/util/resources/cldr/TimeZoneNames_en
Event: 8,872 loading class sun/util/resources/cldr/TimeZoneNames_en done
Event: 8,872 loading class sun/util/resources/cldr/TimeZoneNames_en_US
Event: 8,872 loading class sun/util/resources/cldr/TimeZoneNames_en_US done
Event: 8,875 loading class sun/util/cldr/CLDRBaseLocaleDataMetaInfo$TZCanonicalIDMapHolder
Event: 8,876 loading class sun/util/cldr/CLDRBaseLocaleDataMetaInfo$TZCanonicalIDMapHolder done
Event: 8,880 loading class sun/util/resources/TimeZoneNames
Event: 8,881 loading class sun/util/resources/TimeZoneNames done
Event: 8,881 loading class sun/util/resources/TimeZoneNames_en
Event: 8,882 loading class sun/util/resources/TimeZoneNames_en done
Event: 8,893 Thread 0x0000794ff4002f70 Thread added: 0x0000794ff4002f70
Event: 8,893 Protecting memory [0x000079503e485000,0x000079503e489000] with protection modes 0


Dynamic libraries:
c0000000-c4300000 rw-p 00000000 00:00 0 
c4300000-eab00000 ---p 00000000 00:00 0 
eab00000-ec780000 rw-p 00000000 00:00 0 
ec780000-100000000 ---p 00000000 00:00 0 
100000000-100010000 rw-p 00000000 00:00 0 
100010000-100030000 rw-p 00000000 00:00 0 
100030000-1000b0000 rw-p 00000000 00:00 0 
1000b0000-1000d0000 rw-p 00000000 00:00 0 
1000d0000-100130000 rw-p 00000000 00:00 0 
100130000-100170000 rw-p 00000000 00:00 0 
100170000-1001b0000 rw-p 00000000 00:00 0 
1001b0000-1001f0000 rw-p 00000000 00:00 0 
1001f0000-1002d0000 rw-p 00000000 00:00 0 
1002d0000-1002f0000 rw-p 00000000 00:00 0 
1002f0000-1003c0000 rw-p 00000000 00:00 0 
1003c0000-140000000 ---p 00000000 00:00 0 
567f837e3000-567f837e4000 r--p 00000000 08:13 693154                     /home/eder/.vscode/extensions/redhat.java-1.32.0-linux-x64/jre/17.0.11-linux-x86_64/bin/java
567f837e4000-567f837e5000 r-xp 00001000 08:13 693154                     /home/eder/.vscode/extensions/redhat.java-1.32.0-linux-x64/jre/17.0.11-linux-x86_64/bin/java
567f837e5000-567f837e6000 r--p 00002000 08:13 693154                     /home/eder/.vscode/extensions/redhat.java-1.32.0-linux-x64/jre/17.0.11-linux-x86_64/bin/java
567f837e6000-567f837e7000 r--p 00002000 08:13 693154                     /home/eder/.vscode/extensions/redhat.java-1.32.0-linux-x64/jre/17.0.11-linux-x86_64/bin/java
567f837e7000-567f837e8000 rw-p 00003000 08:13 693154                     /home/eder/.vscode/extensions/redhat.java-1.32.0-linux-x64/jre/17.0.11-linux-x86_64/bin/java
567f8409a000-567f840e3000 rw-p 00000000 00:00 0                          [heap]
794fe0000000-794fe0021000 rw-p 00000000 00:00 0 
794fe0021000-794fe4000000 ---p 00000000 00:00 0 
794fe8000000-794fe8021000 rw-p 00000000 00:00 0 
794fe8021000-794fec000000 ---p 00000000 00:00 0 
794fec000000-794fec021000 rw-p 00000000 00:00 0 
794fec021000-794ff0000000 ---p 00000000 00:00 0 
794ff0000000-794ff0853000 rw-p 00000000 00:00 0 
794ff0853000-794ff4000000 ---p 00000000 00:00 0 
794ff4000000-794ff4021000 rw-p 00000000 00:00 0 
794ff4021000-794ff8000000 ---p 00000000 00:00 0 
794ff8000000-794ff80c4000 rw-p 00000000 00:00 0 
794ff80c4000-794ffc000000 ---p 00000000 00:00 0 
794ffc000000-794ffc1fb000 rw-p 00000000 00:00 0 
794ffc1fb000-795000000000 ---p 00000000 00:00 0 
795000000000-795000021000 rw-p 00000000 00:00 0 
795000021000-795004000000 ---p 00000000 00:00 0 
795004000000-795004021000 rw-p 00000000 00:00 0 
795004021000-795008000000 ---p 00000000 00:00 0 
795008000000-7950085c7000 rw-p 00000000 00:00 0 
7950085c7000-79500c000000 ---p 00000000 00:00 0 
79500c000000-79500c021000 rw-p 00000000 00:00 0 
79500c021000-795010000000 ---p 00000000 00:00 0 
795010000000-795010021000 rw-p 00000000 00:00 0 
795010021000-795014000000 ---p 00000000 00:00 0 
795014000000-795014021000 rw-p 00000000 00:00 0 
795014021000-795018000000 ---p 00000000 00:00 0 
795018000000-795018021000 rw-p 00000000 00:00 0 
795018021000-79501c000000 ---p 00000000 00:00 0 
79501c000000-79501c04e000 rw-p 00000000 00:00 0 
79501c04e000-795020000000 ---p 00000000 00:00 0 
795020000000-795020021000 rw-p 00000000 00:00 0 
795020021000-795024000000 ---p 00000000 00:00 0 
795024000000-7950249f3000 rw-p 00000000 00:00 0 
7950249f3000-795028000000 ---p 00000000 00:00 0 
795028000000-795028021000 rw-p 00000000 00:00 0 
795028021000-79502c000000 ---p 00000000 00:00 0 
79502c000000-79502c021000 rw-p 00000000 00:00 0 
79502c021000-795030000000 ---p 00000000 00:00 0 
795030000000-795030021000 rw-p 00000000 00:00 0 
795030021000-795034000000 ---p 00000000 00:00 0 
795034000000-795034021000 rw-p 00000000 00:00 0 
795034021000-795038000000 ---p 00000000 00:00 0 
795038000000-795038021000 rw-p 00000000 00:00 0 
795038021000-79503c000000 ---p 00000000 00:00 0 
79503e1f4000-79503e485000 rw-p 00000000 00:00 0 
79503e485000-79503e489000 ---p 00000000 00:00 0 
79503e489000-79503e585000 rw-p 00000000 00:00 0 
79503e800000-79503e804000 ---p 00000000 00:00 0 
79503e804000-79503e900000 rw-p 00000000 00:00 0 
79503e900000-79503e904000 ---p 00000000 00:00 0 
79503e904000-79503ea00000 rw-p 00000000 00:00 0 
79503ea00000-79503ea04000 ---p 00000000 00:00 0 
79503ea04000-79503eb00000 rw-p 00000000 00:00 0 
79503eb00000-79503eb04000 ---p 00000000 00:00 0 
79503eb04000-79503ec00000 rw-p 00000000 00:00 0 
79503ec00000-79503ec04000 ---p 00000000 00:00 0 
79503ec04000-79503ed00000 rw-p 00000000 00:00 0 
79503ed00000-79503ed04000 ---p 00000000 00:00 0 
79503ed04000-79503ee00000 rw-p 00000000 00:00 0 
79503ee00000-79503ee04000 ---p 00000000 00:00 0 
79503ee04000-79503ef00000 rw-p 00000000 00:00 0 
79503ef00000-79503ef04000 ---p 00000000 00:00 0 
79503ef04000-79503f000000 rw-p 00000000 00:00 0 
79503f000000-79503f004000 ---p 00000000 00:00 0 
79503f004000-79503f100000 rw-p 00000000 00:00 0 
79503f100000-79503f104000 ---p 00000000 00:00 0 
79503f104000-79503f200000 rw-p 00000000 00:00 0 
79503f200000-79503f204000 ---p 00000000 00:00 0 
79503f204000-79503f300000 rw-p 00000000 00:00 0 
79503f300000-79503f304000 ---p 00000000 00:00 0 
79503f304000-79503f400000 rw-p 00000000 00:00 0 
79503f400000-79503f410000 r-xp 00000000 08:13 1072845                    /home/eder/.config/Code/User/globalStorage/redhat.java/1.32.0/config_linux/org.eclipse.equinox.launcher/org.eclipse.equinox.launcher.gtk.linux.x86_64_1.2.1100.v20240613-2013/eclipse_11903.so
79503f410000-79503f610000 ---p 00010000 08:13 1072845                    /home/eder/.config/Code/User/globalStorage/redhat.java/1.32.0/config_linux/org.eclipse.equinox.launcher/org.eclipse.equinox.launcher.gtk.linux.x86_64_1.2.1100.v20240613-2013/eclipse_11903.so
79503f610000-79503f611000 r--p 00010000 08:13 1072845                    /home/eder/.config/Code/User/globalStorage/redhat.java/1.32.0/config_linux/org.eclipse.equinox.launcher/org.eclipse.equinox.launcher.gtk.linux.x86_64_1.2.1100.v20240613-2013/eclipse_11903.so
79503f611000-79503f612000 rw-p 00011000 08:13 1072845                    /home/eder/.config/Code/User/globalStorage/redhat.java/1.32.0/config_linux/org.eclipse.equinox.launcher/org.eclipse.equinox.launcher.gtk.linux.x86_64_1.2.1100.v20240613-2013/eclipse_11903.so
79503f612000-79503f613000 rw-p 00000000 00:00 0 
79503f6ff000-79503f703000 ---p 00000000 00:00 0 
79503f703000-79503f7ff000 rw-p 00000000 00:00 0 
79503f7ff000-79503f800000 ---p 00000000 00:00 0 
79503f800000-79503f900000 rw-p 00000000 00:00 0 
79503f900000-79503f904000 ---p 00000000 00:00 0 
79503f904000-79503fa00000 rw-p 00000000 00:00 0 
79503fa00000-79503fa04000 ---p 00000000 00:00 0 
79503fa04000-79503fb00000 rw-p 00000000 00:00 0 
79503fb00000-79503fb04000 ---p 00000000 00:00 0 
79503fb04000-79503fc00000 rw-p 00000000 00:00 0 
79503fc00000-79503fc04000 ---p 00000000 00:00 0 
79503fc04000-79503fd00000 rw-p 00000000 00:00 0 
79503fd00000-79503fd04000 ---p 00000000 00:00 0 
79503fd04000-79503fe00000 rw-p 00000000 00:00 0 
79503fe00000-79503fe04000 ---p 00000000 00:00 0 
79503fe04000-79503ff00000 rw-p 00000000 00:00 0 
79503ff00000-79503ff04000 ---p 00000000 00:00 0 
79503ff04000-795040000000 rw-p 00000000 00:00 0 
795040000000-795040021000 rw-p 00000000 00:00 0 
795040021000-795044000000 ---p 00000000 00:00 0 
795044000000-795044021000 rw-p 00000000 00:00 0 
795044021000-795048000000 ---p 00000000 00:00 0 
795048000000-795048021000 rw-p 00000000 00:00 0 
795048021000-79504c000000 ---p 00000000 00:00 0 
79504c000000-79504d0d1000 rw-p 00000000 00:00 0 
79504d0d1000-795050000000 ---p 00000000 00:00 0 
795050000000-795050021000 rw-p 00000000 00:00 0 
795050021000-795054000000 ---p 00000000 00:00 0 
795054000000-795054021000 rw-p 00000000 00:00 0 
795054021000-795058000000 ---p 00000000 00:00 0 
795058000000-795058021000 rw-p 00000000 00:00 0 
795058021000-79505c000000 ---p 00000000 00:00 0 
79505c000000-79505c021000 rw-p 00000000 00:00 0 
79505c021000-795060000000 ---p 00000000 00:00 0 
795060000000-7950603e8000 rw-p 00000000 00:00 0 
7950603e8000-795064000000 ---p 00000000 00:00 0 
795064000000-795064021000 rw-p 00000000 00:00 0 
795064021000-795068000000 ---p 00000000 00:00 0 
795068000000-795068021000 rw-p 00000000 00:00 0 
795068021000-79506c000000 ---p 00000000 00:00 0 
79506c000000-79506c35b000 rw-p 00000000 00:00 0 
79506c35b000-795070000000 ---p 00000000 00:00 0 
795070000000-795070f77000 rw-p 00000000 00:00 0 
795070f77000-795074000000 ---p 00000000 00:00 0 
795074000000-795074021000 rw-p 00000000 00:00 0 
795074021000-795078000000 ---p 00000000 00:00 0 
795078000000-795078021000 rw-p 00000000 00:00 0 
795078021000-79507c000000 ---p 00000000 00:00 0 
79507c000000-79507cccd000 rw-p 00000000 00:00 0 
79507cccd000-795080000000 ---p 00000000 00:00 0 
795080000000-795080021000 rw-p 00000000 00:00 0 
795080021000-795084000000 ---p 00000000 00:00 0 
795084000000-795084021000 rw-p 00000000 00:00 0 
795084021000-795088000000 ---p 00000000 00:00 0 
795088000000-795088021000 rw-p 00000000 00:00 0 
795088021000-79508c000000 ---p 00000000 00:00 0 
79508c000000-79508c021000 rw-p 00000000 00:00 0 
79508c021000-795090000000 ---p 00000000 00:00 0 
795090000000-795090021000 rw-p 00000000 00:00 0 
795090021000-795094000000 ---p 00000000 00:00 0 
795094078000-79509407c000 ---p 00000000 00:00 0 
79509407c000-795094178000 rw-p 00000000 00:00 0 
795094178000-795094179000 ---p 00000000 00:00 0 
795094179000-795094279000 rw-p 00000000 00:00 0 
795094279000-79509427a000 ---p 00000000 00:00 0 
79509427a000-79509437a000 rw-p 00000000 00:00 0 
79509437a000-79509437b000 ---p 00000000 00:00 0 
79509437b000-79509447b000 rw-p 00000000 00:00 0 
79509447b000-79509447c000 ---p 00000000 00:00 0 
79509447c000-79509457c000 rw-p 00000000 00:00 0 
79509457c000-79509457d000 ---p 00000000 00:00 0 
79509457d000-79509467d000 rw-p 00000000 00:00 0 
79509467d000-79509467e000 ---p 00000000 00:00 0 
79509467e000-79509477e000 rw-p 00000000 00:00 0 
79509477e000-79509477f000 ---p 00000000 00:00 0 
79509477f000-79509487f000 rw-p 00000000 00:00 0 
79509487f000-795094883000 ---p 00000000 00:00 0 
795094883000-79509497f000 rw-p 00000000 00:00 0 
79509497f000-795094983000 ---p 00000000 00:00 0 
795094983000-795094a7f000 rw-p 00000000 00:00 0 
795094a7f000-795094a83000 ---p 00000000 00:00 0 
795094a83000-795094b7f000 rw-p 00000000 00:00 0 
795094b7f000-795094b83000 ---p 00000000 00:00 0 
795094b83000-795094c7f000 rw-p 00000000 00:00 0 
795094c7f000-795094c83000 ---p 00000000 00:00 0 
795094c83000-795094d7f000 rw-p 00000000 00:00 0 
795094d7f000-795094d83000 ---p 00000000 00:00 0 
795094d83000-795094e7f000 rw-p 00000000 00:00 0 
795094e7f000-795094e83000 ---p 00000000 00:00 0 
795094e83000-795094f7f000 rw-p 00000000 00:00 0 
795094f7f000-795094f83000 ---p 00000000 00:00 0 
795094f83000-79509507f000 rw-p 00000000 00:00 0 
79509507f000-795095083000 ---p 00000000 00:00 0 
795095083000-79509517f000 rw-p 00000000 00:00 0 
79509517f000-795095183000 ---p 00000000 00:00 0 
795095183000-79509527f000 rw-p 00000000 00:00 0 
79509527f000-7950954f7000 r--p 00000000 07:03 188                        /snap/code/162/usr/lib/locale/aa_DJ.utf8/LC_COLLATE
7950954f7000-7950954fb000 ---p 00000000 00:00 0 
7950954fb000-7950955f7000 rw-p 00000000 00:00 0 
7950955f7000-7950955fb000 ---p 00000000 00:00 0 
7950955fb000-7950956f7000 rw-p 00000000 00:00 0 
7950956f7000-7950956f8000 ---p 00000000 00:00 0 
7950956f8000-7950963f0000 rw-p 00000000 00:00 0 
7950963f0000-795096450000 rw-p 00000000 00:00 0 
795096450000-795096470000 rw-p 00000000 00:00 0 
795096470000-7950964f0000 rw-p 00000000 00:00 0 
7950964f0000-7950967f0000 rw-p 00000000 00:00 0 
7950967f0000-7950968f0000 rw-p 00000000 00:00 0 
7950968f0000-795096af0000 rw-p 00000000 00:00 0 
795096af0000-795096bf0000 rw-p 00000000 00:00 0 
795096bf0000-795096db0000 rw-p 00000000 00:00 0 
795096db0000-795096df0000 rw-p 00000000 00:00 0 
795096df0000-795096eb0000 rw-p 00000000 00:00 0 
795096eb0000-795096ef0000 rw-p 00000000 00:00 0 
795096ef0000-7950970f0000 rw-p 00000000 00:00 0 
7950970f0000-7950974f0000 rw-p 00000000 00:00 0 
7950974f0000-7950975f0000 rw-p 00000000 00:00 0 
7950975f0000-795097f70000 rw-p 00000000 00:00 0 
795097f70000-795097f80000 ---p 00000000 00:00 0 
795097f80000-795097fa0000 rw-p 00000000 00:00 0 
795097fa0000-79509a000000 ---p 00000000 00:00 0 
79509a000000-79509c000000 rw-p 00000000 00:00 0 
79509c000000-79509c021000 rw-p 00000000 00:00 0 
79509c021000-7950a0000000 ---p 00000000 00:00 0 
7950a00e8000-7950a00ea000 r--p 00000000 08:13 693598                     /home/eder/.vscode/extensions/redhat.java-1.32.0-linux-x64/jre/17.0.11-linux-x86_64/lib/libmanagement_ext.so
7950a00ea000-7950a00ed000 r-xp 00002000 08:13 693598                     /home/eder/.vscode/extensions/redhat.java-1.32.0-linux-x64/jre/17.0.11-linux-x86_64/lib/libmanagement_ext.so
7950a00ed000-7950a00ee000 r--p 00005000 08:13 693598                     /home/eder/.vscode/extensions/redhat.java-1.32.0-linux-x64/jre/17.0.11-linux-x86_64/lib/libmanagement_ext.so
7950a00ee000-7950a00ef000 ---p 00006000 08:13 693598                     /home/eder/.vscode/extensions/redhat.java-1.32.0-linux-x64/jre/17.0.11-linux-x86_64/lib/libmanagement_ext.so
7950a00ef000-7950a00f0000 r--p 00006000 08:13 693598                     /home/eder/.vscode/extensions/redhat.java-1.32.0-linux-x64/jre/17.0.11-linux-x86_64/lib/libmanagement_ext.so
7950a00f0000-7950a00f1000 rw-p 00007000 08:13 693598                     /home/eder/.vscode/extensions/redhat.java-1.32.0-linux-x64/jre/17.0.11-linux-x86_64/lib/libmanagement_ext.so
7950a00f1000-7950a1000000 rw-p 00000000 00:00 0 
7950a1000000-7950a1880000 rwxp 00000000 00:00 0 
7950a1880000-7950a8537000 ---p 00000000 00:00 0 
7950a8537000-7950a87a7000 rwxp 00000000 00:00 0 
7950a87a7000-7950a8ac9000 ---p 00000000 00:00 0 
7950a8ac9000-7950a8d39000 rwxp 00000000 00:00 0 
7950a8d39000-7950b0000000 ---p 00000000 00:00 0 
7950b0000000-7950b098d000 rw-p 00000000 00:00 0 
7950b098d000-7950b4000000 ---p 00000000 00:00 0 
7950b4001000-7950b4004000 r--p 00000000 08:13 693599                     /home/eder/.vscode/extensions/redhat.java-1.32.0-linux-x64/jre/17.0.11-linux-x86_64/lib/libmanagement.so
7950b4004000-7950b4005000 r-xp 00003000 08:13 693599                     /home/eder/.vscode/extensions/redhat.java-1.32.0-linux-x64/jre/17.0.11-linux-x86_64/lib/libmanagement.so
7950b4005000-7950b4006000 r--p 00004000 08:13 693599                     /home/eder/.vscode/extensions/redhat.java-1.32.0-linux-x64/jre/17.0.11-linux-x86_64/lib/libmanagement.so
7950b4006000-7950b4007000 r--p 00004000 08:13 693599                     /home/eder/.vscode/extensions/redhat.java-1.32.0-linux-x64/jre/17.0.11-linux-x86_64/lib/libmanagement.so
7950b4007000-7950b4008000 rw-p 00005000 08:13 693599                     /home/eder/.vscode/extensions/redhat.java-1.32.0-linux-x64/jre/17.0.11-linux-x86_64/lib/libmanagement.so
7950b4008000-7950b400c000 r--p 00000000 08:13 693608                     /home/eder/.vscode/extensions/redhat.java-1.32.0-linux-x64/jre/17.0.11-linux-x86_64/lib/libverify.so
7950b400c000-7950b4013000 r-xp 00004000 08:13 693608                     /home/eder/.vscode/extensions/redhat.java-1.32.0-linux-x64/jre/17.0.11-linux-x86_64/lib/libverify.so
7950b4013000-7950b4015000 r--p 0000b000 08:13 693608                     /home/eder/.vscode/extensions/redhat.java-1.32.0-linux-x64/jre/17.0.11-linux-x86_64/lib/libverify.so
7950b4015000-7950b4017000 r--p 0000c000 08:13 693608                     /home/eder/.vscode/extensions/redhat.java-1.32.0-linux-x64/jre/17.0.11-linux-x86_64/lib/libverify.so
7950b4017000-7950b4018000 rw-p 0000e000 08:13 693608                     /home/eder/.vscode/extensions/redhat.java-1.32.0-linux-x64/jre/17.0.11-linux-x86_64/lib/libverify.so
7950b4018000-7950b401c000 r--p 00000000 08:13 693601                     /home/eder/.vscode/extensions/redhat.java-1.32.0-linux-x64/jre/17.0.11-linux-x86_64/lib/libnet.so
7950b401c000-7950b402a000 r-xp 00004000 08:13 693601                     /home/eder/.vscode/extensions/redhat.java-1.32.0-linux-x64/jre/17.0.11-linux-x86_64/lib/libnet.so
7950b402a000-7950b402e000 r--p 00012000 08:13 693601                     /home/eder/.vscode/extensions/redhat.java-1.32.0-linux-x64/jre/17.0.11-linux-x86_64/lib/libnet.so
7950b402e000-7950b402f000 r--p 00015000 08:13 693601                     /home/eder/.vscode/extensions/redhat.java-1.32.0-linux-x64/jre/17.0.11-linux-x86_64/lib/libnet.so
7950b402f000-7950b4030000 rw-p 00016000 08:13 693601                     /home/eder/.vscode/extensions/redhat.java-1.32.0-linux-x64/jre/17.0.11-linux-x86_64/lib/libnet.so
7950b4030000-7950b4037000 r--p 00000000 08:13 693602                     /home/eder/.vscode/extensions/redhat.java-1.32.0-linux-x64/jre/17.0.11-linux-x86_64/lib/libnio.so
7950b4037000-7950b4040000 r-xp 00007000 08:13 693602                     /home/eder/.vscode/extensions/redhat.java-1.32.0-linux-x64/jre/17.0.11-linux-x86_64/lib/libnio.so
7950b4040000-7950b4044000 r--p 00010000 08:13 693602                     /home/eder/.vscode/extensions/redhat.java-1.32.0-linux-x64/jre/17.0.11-linux-x86_64/lib/libnio.so
7950b4044000-7950b4045000 ---p 00014000 08:13 693602                     /home/eder/.vscode/extensions/redhat.java-1.32.0-linux-x64/jre/17.0.11-linux-x86_64/lib/libnio.so
7950b4045000-7950b4046000 r--p 00014000 08:13 693602                     /home/eder/.vscode/extensions/redhat.java-1.32.0-linux-x64/jre/17.0.11-linux-x86_64/lib/libnio.so
7950b4046000-7950b4047000 rw-p 00015000 08:13 693602                     /home/eder/.vscode/extensions/redhat.java-1.32.0-linux-x64/jre/17.0.11-linux-x86_64/lib/libnio.so
7950b4047000-7950b409b000 r--p 00000000 07:03 189                        /snap/code/162/usr/lib/locale/aa_DJ.utf8/LC_CTYPE
7950b409b000-7950b449f000 rw-p 00000000 00:00 0 
7950b449f000-7950b44a1000 r--p 00000000 08:13 693609                     /home/eder/.vscode/extensions/redhat.java-1.32.0-linux-x64/jre/17.0.11-linux-x86_64/lib/libzip.so
7950b44a1000-7950b44b3000 r-xp 00002000 08:13 693609                     /home/eder/.vscode/extensions/redhat.java-1.32.0-linux-x64/jre/17.0.11-linux-x86_64/lib/libzip.so
7950b44b3000-7950b44bb000 r--p 00014000 08:13 693609                     /home/eder/.vscode/extensions/redhat.java-1.32.0-linux-x64/jre/17.0.11-linux-x86_64/lib/libzip.so
7950b44bb000-7950b44bc000 r--p 0001b000 08:13 693609                     /home/eder/.vscode/extensions/redhat.java-1.32.0-linux-x64/jre/17.0.11-linux-x86_64/lib/libzip.so
7950b44bc000-7950b44bd000 rw-p 0001c000 08:13 693609                     /home/eder/.vscode/extensions/redhat.java-1.32.0-linux-x64/jre/17.0.11-linux-x86_64/lib/libzip.so
7950b44bd000-7950b46df000 rw-p 00000000 00:00 0 
7950b46df000-7950b4813000 ---p 00000000 00:00 0 
7950b4813000-7950b4814000 ---p 00000000 00:00 0 
7950b4814000-7950b4936000 rw-p 00000000 00:00 0 
7950b4936000-7950b4a69000 ---p 00000000 00:00 0 
7950b4a69000-7950b4a78000 rw-p 00000000 00:00 0 
7950b4a78000-7950b4b14000 ---p 00000000 00:00 0 
7950b4b14000-7950b4b1a000 rw-p 00000000 00:00 0 
7950b4b1a000-7950b4c00000 ---p 00000000 00:00 0 
7950b4c00000-7950b782b000 r--s 00000000 08:13 693610                     /home/eder/.vscode/extensions/redhat.java-1.32.0-linux-x64/jre/17.0.11-linux-x86_64/lib/modules
7950b7830000-7950b7831000 r--p 00000000 07:03 280                        /snap/code/162/usr/lib/locale/agr_PE/LC_NUMERIC
7950b7831000-7950b7832000 r--p 00000000 07:03 5477                       /snap/code/162/usr/lib/locale/pt_BR.utf8/LC_TIME
7950b7832000-7950b7839000 r--s 00000000 08:13 3680611                    /usr/lib/x86_64-linux-gnu/gconv/gconv-modules.cache
7950b7839000-7950b7926000 rw-p 00000000 00:00 0 
7950b7926000-7950b7a00000 ---p 00000000 00:00 0 
7950b7a00000-7950b7c53000 r--p 00000000 08:13 1072639                    /home/eder/.vscode/extensions/redhat.java-1.32.0-linux-x64/jre/17.0.11-linux-x86_64/lib/server/libjvm.so
7950b7c53000-7950b8975000 r-xp 00253000 08:13 1072639                    /home/eder/.vscode/extensions/redhat.java-1.32.0-linux-x64/jre/17.0.11-linux-x86_64/lib/server/libjvm.so
7950b8975000-7950b8c01000 r--p 00f75000 08:13 1072639                    /home/eder/.vscode/extensions/redhat.java-1.32.0-linux-x64/jre/17.0.11-linux-x86_64/lib/server/libjvm.so
7950b8c01000-7950b8c02000 ---p 01201000 08:13 1072639                    /home/eder/.vscode/extensions/redhat.java-1.32.0-linux-x64/jre/17.0.11-linux-x86_64/lib/server/libjvm.so
7950b8c02000-7950b8cbb000 r--p 01201000 08:13 1072639                    /home/eder/.vscode/extensions/redhat.java-1.32.0-linux-x64/jre/17.0.11-linux-x86_64/lib/server/libjvm.so
7950b8cbb000-7950b8cf0000 rw-p 012ba000 08:13 1072639                    /home/eder/.vscode/extensions/redhat.java-1.32.0-linux-x64/jre/17.0.11-linux-x86_64/lib/server/libjvm.so
7950b8cf0000-7950b8d4a000 rw-p 00000000 00:00 0 
7950b8d4a000-7950b8d4b000 r--p 00000000 07:03 5472                       /snap/code/162/usr/lib/locale/pt_BR.utf8/LC_MONETARY
7950b8d4b000-7950b8d4c000 r--p 00000000 07:03 1957                       /snap/code/162/usr/lib/locale/en_AG/LC_MESSAGES/SYS_LC_MESSAGES
7950b8d4c000-7950b8d4d000 r--p 00000000 07:03 197                        /snap/code/162/usr/lib/locale/aa_DJ.utf8/LC_PAPER
7950b8d4d000-7950b8da7000 rw-p 00000000 00:00 0 
7950b8da7000-7950b8dae000 ---p 00000000 00:00 0 
7950b8dae000-7950b8db6000 rw-s 00000000 08:13 3408287                    /tmp/hsperfdata_eder/909706
7950b8db6000-7950b8dc4000 r--p 00000000 08:13 693588                     /home/eder/.vscode/extensions/redhat.java-1.32.0-linux-x64/jre/17.0.11-linux-x86_64/lib/libjava.so
7950b8dc4000-7950b8dd6000 r-xp 0000e000 08:13 693588                     /home/eder/.vscode/extensions/redhat.java-1.32.0-linux-x64/jre/17.0.11-linux-x86_64/lib/libjava.so
7950b8dd6000-7950b8ddc000 r--p 00020000 08:13 693588                     /home/eder/.vscode/extensions/redhat.java-1.32.0-linux-x64/jre/17.0.11-linux-x86_64/lib/libjava.so
7950b8ddc000-7950b8ddd000 ---p 00026000 08:13 693588                     /home/eder/.vscode/extensions/redhat.java-1.32.0-linux-x64/jre/17.0.11-linux-x86_64/lib/libjava.so
7950b8ddd000-7950b8dde000 r--p 00026000 08:13 693588                     /home/eder/.vscode/extensions/redhat.java-1.32.0-linux-x64/jre/17.0.11-linux-x86_64/lib/libjava.so
7950b8dde000-7950b8ddf000 rw-p 00027000 08:13 693588                     /home/eder/.vscode/extensions/redhat.java-1.32.0-linux-x64/jre/17.0.11-linux-x86_64/lib/libjava.so
7950b8ddf000-7950b8de0000 rw-p 00000000 00:00 0 
7950b8de0000-7950b8de4000 r--p 00000000 08:13 693592                     /home/eder/.vscode/extensions/redhat.java-1.32.0-linux-x64/jre/17.0.11-linux-x86_64/lib/libjimage.so
7950b8de4000-7950b8df7000 r-xp 00004000 08:13 693592                     /home/eder/.vscode/extensions/redhat.java-1.32.0-linux-x64/jre/17.0.11-linux-x86_64/lib/libjimage.so
7950b8df7000-7950b8dfd000 r--p 00017000 08:13 693592                     /home/eder/.vscode/extensions/redhat.java-1.32.0-linux-x64/jre/17.0.11-linux-x86_64/lib/libjimage.so
7950b8dfd000-7950b8dff000 r--p 0001c000 08:13 693592                     /home/eder/.vscode/extensions/redhat.java-1.32.0-linux-x64/jre/17.0.11-linux-x86_64/lib/libjimage.so
7950b8dff000-7950b8e00000 rw-p 0001e000 08:13 693592                     /home/eder/.vscode/extensions/redhat.java-1.32.0-linux-x64/jre/17.0.11-linux-x86_64/lib/libjimage.so
7950b8e00000-7950b8e28000 r--p 00000000 08:13 3670694                    /usr/lib/x86_64-linux-gnu/libc.so.6
7950b8e28000-7950b8fbd000 r-xp 00028000 08:13 3670694                    /usr/lib/x86_64-linux-gnu/libc.so.6
7950b8fbd000-7950b9015000 r--p 001bd000 08:13 3670694                    /usr/lib/x86_64-linux-gnu/libc.so.6
7950b9015000-7950b9016000 ---p 00215000 08:13 3670694                    /usr/lib/x86_64-linux-gnu/libc.so.6
7950b9016000-7950b901a000 r--p 00215000 08:13 3670694                    /usr/lib/x86_64-linux-gnu/libc.so.6
7950b901a000-7950b901c000 rw-p 00219000 08:13 3670694                    /usr/lib/x86_64-linux-gnu/libc.so.6
7950b901c000-7950b9029000 rw-p 00000000 00:00 0 
7950b9029000-7950b902a000 r--p 00000000 07:03 279                        /snap/code/162/usr/lib/locale/agr_PE/LC_NAME
7950b902a000-7950b902e000 ---p 00000000 00:00 0 
7950b902e000-7950b912a000 rw-p 00000000 00:00 0 
7950b912a000-7950b9138000 r--p 00000000 08:13 3677168                    /usr/lib/x86_64-linux-gnu/libm.so.6
7950b9138000-7950b91b4000 r-xp 0000e000 08:13 3677168                    /usr/lib/x86_64-linux-gnu/libm.so.6
7950b91b4000-7950b920f000 r--p 0008a000 08:13 3677168                    /usr/lib/x86_64-linux-gnu/libm.so.6
7950b920f000-7950b9210000 r--p 000e4000 08:13 3677168                    /usr/lib/x86_64-linux-gnu/libm.so.6
7950b9210000-7950b9211000 rw-p 000e5000 08:13 3677168                    /usr/lib/x86_64-linux-gnu/libm.so.6
7950b9211000-7950b9212000 r--p 00000000 08:13 3677179                    /usr/lib/x86_64-linux-gnu/librt.so.1
7950b9212000-7950b9213000 r-xp 00001000 08:13 3677179                    /usr/lib/x86_64-linux-gnu/librt.so.1
7950b9213000-7950b9214000 r--p 00002000 08:13 3677179                    /usr/lib/x86_64-linux-gnu/librt.so.1
7950b9214000-7950b9215000 r--p 00002000 08:13 3677179                    /usr/lib/x86_64-linux-gnu/librt.so.1
7950b9215000-7950b9216000 rw-p 00003000 08:13 3677179                    /usr/lib/x86_64-linux-gnu/librt.so.1
7950b9216000-7950b9218000 rw-p 00000000 00:00 0 
7950b9218000-7950b9219000 r--p 00000000 08:13 3677167                    /usr/lib/x86_64-linux-gnu/libdl.so.2
7950b9219000-7950b921a000 r-xp 00001000 08:13 3677167                    /usr/lib/x86_64-linux-gnu/libdl.so.2
7950b921a000-7950b921b000 r--p 00002000 08:13 3677167                    /usr/lib/x86_64-linux-gnu/libdl.so.2
7950b921b000-7950b921c000 r--p 00002000 08:13 3677167                    /usr/lib/x86_64-linux-gnu/libdl.so.2
7950b921c000-7950b921d000 rw-p 00003000 08:13 3677167                    /usr/lib/x86_64-linux-gnu/libdl.so.2
7950b921d000-7950b921e000 r--p 00000000 08:13 3677177                    /usr/lib/x86_64-linux-gnu/libpthread.so.0
7950b921e000-7950b921f000 r-xp 00001000 08:13 3677177                    /usr/lib/x86_64-linux-gnu/libpthread.so.0
7950b921f000-7950b9220000 r--p 00002000 08:13 3677177                    /usr/lib/x86_64-linux-gnu/libpthread.so.0
7950b9220000-7950b9221000 r--p 00002000 08:13 3677177                    /usr/lib/x86_64-linux-gnu/libpthread.so.0
7950b9221000-7950b9222000 rw-p 00003000 08:13 3677177                    /usr/lib/x86_64-linux-gnu/libpthread.so.0
7950b9222000-7950b9223000 r--p 00000000 07:03 5465                       /snap/code/162/usr/lib/locale/pt_BR.utf8/LC_ADDRESS
7950b9223000-7950b9224000 r--p 00000000 07:03 5476                       /snap/code/162/usr/lib/locale/pt_BR.utf8/LC_TELEPHONE
7950b9224000-7950b9225000 r--p 00000000 07:03 191                        /snap/code/162/usr/lib/locale/aa_DJ.utf8/LC_MEASUREMENT
7950b9225000-7950b9226000 r--p 00000000 07:03 5468                       /snap/code/162/usr/lib/locale/pt_BR.utf8/LC_IDENTIFICATION
7950b9226000-7950b9228000 r--p 00000000 08:13 693583                     /home/eder/.vscode/extensions/redhat.java-1.32.0-linux-x64/jre/17.0.11-linux-x86_64/lib/libinstrument.so
7950b9228000-7950b922e000 r-xp 00002000 08:13 693583                     /home/eder/.vscode/extensions/redhat.java-1.32.0-linux-x64/jre/17.0.11-linux-x86_64/lib/libinstrument.so
7950b922e000-7950b9231000 r--p 00008000 08:13 693583                     /home/eder/.vscode/extensions/redhat.java-1.32.0-linux-x64/jre/17.0.11-linux-x86_64/lib/libinstrument.so
7950b9231000-7950b9232000 r--p 0000a000 08:13 693583                     /home/eder/.vscode/extensions/redhat.java-1.32.0-linux-x64/jre/17.0.11-linux-x86_64/lib/libinstrument.so
7950b9232000-7950b9233000 rw-p 0000b000 08:13 693583                     /home/eder/.vscode/extensions/redhat.java-1.32.0-linux-x64/jre/17.0.11-linux-x86_64/lib/libinstrument.so
7950b9233000-7950b9234000 ---p 00000000 00:00 0 
7950b9234000-7950b9235000 r--p 00000000 00:00 0 
7950b9235000-7950b9238000 r--p 00000000 08:13 693593                     /home/eder/.vscode/extensions/redhat.java-1.32.0-linux-x64/jre/17.0.11-linux-x86_64/lib/libjli.so
7950b9238000-7950b9248000 r-xp 00003000 08:13 693593                     /home/eder/.vscode/extensions/redhat.java-1.32.0-linux-x64/jre/17.0.11-linux-x86_64/lib/libjli.so
7950b9248000-7950b924f000 r--p 00013000 08:13 693593                     /home/eder/.vscode/extensions/redhat.java-1.32.0-linux-x64/jre/17.0.11-linux-x86_64/lib/libjli.so
7950b924f000-7950b9250000 r--p 00019000 08:13 693593                     /home/eder/.vscode/extensions/redhat.java-1.32.0-linux-x64/jre/17.0.11-linux-x86_64/lib/libjli.so
7950b9250000-7950b9251000 rw-p 0001a000 08:13 693593                     /home/eder/.vscode/extensions/redhat.java-1.32.0-linux-x64/jre/17.0.11-linux-x86_64/lib/libjli.so
7950b9251000-7950b9253000 rw-p 00000000 00:00 0 
7950b9253000-7950b9255000 r--p 00000000 08:13 3670349                    /usr/lib/x86_64-linux-gnu/ld-linux-x86-64.so.2
7950b9255000-7950b927f000 r-xp 00002000 08:13 3670349                    /usr/lib/x86_64-linux-gnu/ld-linux-x86-64.so.2
7950b927f000-7950b928a000 r--p 0002c000 08:13 3670349                    /usr/lib/x86_64-linux-gnu/ld-linux-x86-64.so.2
7950b928a000-7950b928b000 ---p 00000000 00:00 0 
7950b928b000-7950b928d000 r--p 00037000 08:13 3670349                    /usr/lib/x86_64-linux-gnu/ld-linux-x86-64.so.2
7950b928d000-7950b928f000 rw-p 00039000 08:13 3670349                    /usr/lib/x86_64-linux-gnu/ld-linux-x86-64.so.2
7ffd769c9000-7ffd769eb000 rw-p 00000000 00:00 0                          [stack]
7ffd769f1000-7ffd769f5000 r--p 00000000 00:00 0                          [vvar]
7ffd769f5000-7ffd769f7000 r-xp 00000000 00:00 0                          [vdso]
ffffffffff600000-ffffffffff601000 --xp 00000000 00:00 0                  [vsyscall]


VM Arguments:
jvm_args: --add-modules=ALL-SYSTEM --add-opens=java.base/java.util=ALL-UNNAMED --add-opens=java.base/java.lang=ALL-UNNAMED --add-opens=java.base/sun.nio.fs=ALL-UNNAMED -Declipse.application=org.eclipse.jdt.ls.core.id1 -Dosgi.bundles.defaultStartLevel=4 -Declipse.product=org.eclipse.jdt.ls.core.product -Djava.import.generatesMetadataFilesAtProjectRoot=false -DDetectVMInstallationsJob.disabled=true -Dfile.encoding=utf8 -XX:+UseParallelGC -XX:GCTimeRatio=4 -XX:AdaptiveSizePolicyWeight=90 -Dsun.zip.disableMemoryMapping=true -Xmx1G -Xms100m -Xlog:disable -javaagent:/home/eder/.vscode/extensions/redhat.java-1.32.0-linux-x64/lombok/lombok-1.18.33.jar -XX:+HeapDumpOnOutOfMemoryError -XX:HeapDumpPath=/home/eder/.config/Code/User/workspaceStorage/2aeb01854f71d354b819c97b900d24ba/redhat.java -Daether.dependencyCollector.impl=bf 
java_command: /home/eder/.vscode/extensions/redhat.java-1.32.0-linux-x64/server/plugins/org.eclipse.equinox.launcher_1.6.900.v20240613-2009.jar -configuration /home/eder/.config/Code/User/globalStorage/redhat.java/1.32.0/config_linux -data /home/eder/.config/Code/User/workspaceStorage/2aeb01854f71d354b819c97b900d24ba/redhat.java/jdt_ws --pipe=/run/user/1000/lsp-7fff80a74c2b8208d8194c7009ebf758.sock
java_class_path (initial): /home/eder/.vscode/extensions/redhat.java-1.32.0-linux-x64/server/plugins/org.eclipse.equinox.launcher_1.6.900.v20240613-2009.jar
Launcher Type: SUN_STANDARD

[Global flags]
    uintx AdaptiveSizePolicyWeight                 = 90                                        {product} {command line}
     intx CICompilerCount                          = 4                                         {product} {ergonomic}
    uintx GCTimeRatio                              = 4                                         {product} {command line}
     bool HeapDumpOnOutOfMemoryError               = true                                   {manageable} {command line}
    ccstr HeapDumpPath                             = /home/eder/.config/Code/User/workspaceStorage/2aeb01854f71d354b819c97b900d24ba/redhat.java         {manageable} {command line}
   size_t InitialHeapSize                          = 104857600                                 {product} {command line}
   size_t MaxHeapSize                              = 1073741824                                {product} {command line}
   size_t MaxNewSize                               = 357564416                                 {product} {ergonomic}
   size_t MinHeapDeltaBytes                        = 524288                                    {product} {ergonomic}
   size_t MinHeapSize                              = 104857600                                 {product} {command line}
   size_t NewSize                                  = 34603008                                  {product} {ergonomic}
    uintx NonNMethodCodeHeapSize                   = 5839372                                {pd product} {ergonomic}
    uintx NonProfiledCodeHeapSize                  = 122909434                              {pd product} {ergonomic}
   size_t OldSize                                  = 70254592                                  {product} {ergonomic}
    uintx ProfiledCodeHeapSize                     = 122909434                              {pd product} {ergonomic}
    uintx ReservedCodeCacheSize                    = 251658240                              {pd product} {ergonomic}
     bool SegmentedCodeCache                       = true                                      {product} {ergonomic}
   size_t SoftMaxHeapSize                          = 1073741824                             {manageable} {ergonomic}
     bool UseCompressedClassPointers               = true                           {product lp64_product} {ergonomic}
     bool UseCompressedOops                        = true                           {product lp64_product} {ergonomic}
     bool UseParallelGC                            = true                                      {product} {command line}

Logging:
Log output configuration:
 #0: stdout all=off uptime,level,tags
 #1: stderr all=off uptime,level,tags

Environment Variables:
PATH=/home/eder/.local/bin:/home/eder/.local/bin:/home/eder/.local/bin:/usr/local/sbin:/usr/local/bin:/usr/sbin:/usr/bin:/sbin:/bin:/usr/games:/usr/local/games:/snap/bin
SHELL=/bin/bash
DISPLAY=:0.0
LANG=en_US.UTF-8
LC_CTYPE=pt_BR.UTF-8
LC_NUMERIC=pt_BR.UTF-8
LC_TIME=pt_BR.UTF-8

Active Locale:
LC_ALL=LC_CTYPE=pt_BR.UTF-8;LC_NUMERIC=pt_BR.UTF-8;LC_TIME=pt_BR.UTF-8;LC_COLLATE=en_US.UTF-8;LC_MONETARY=pt_BR.UTF-8;LC_MESSAGES=en_US.UTF-8;LC_PAPER=pt_BR.UTF-8;LC_NAME=pt_BR.UTF-8;LC_ADDRESS=pt_BR.UTF-8;LC_TELEPHONE=pt_BR.UTF-8;LC_MEASUREMENT=pt_BR.UTF-8;LC_IDENTIFICATION=pt_BR.UTF-8
LC_COLLATE=en_US.UTF-8
LC_CTYPE=pt_BR.UTF-8
LC_MESSAGES=en_US.UTF-8
LC_MONETARY=pt_BR.UTF-8
LC_NUMERIC=pt_BR.UTF-8
LC_TIME=pt_BR.UTF-8

Signal Handlers:
   SIGSEGV: crash_handler in libjvm.so, mask=11100100010111111101111111111110, flags=SA_RESTART|SA_SIGINFO, unblocked
    SIGBUS: crash_handler in libjvm.so, mask=11100100010111111101111111111110, flags=SA_RESTART|SA_SIGINFO, unblocked
    SIGFPE: crash_handler in libjvm.so, mask=11100100010111111101111111111110, flags=SA_RESTART|SA_SIGINFO, unblocked
   SIGPIPE: javaSignalHandler in libjvm.so, mask=11100100010111111101111111111110, flags=SA_RESTART|SA_SIGINFO, blocked
   SIGXFSZ: javaSignalHandler in libjvm.so, mask=11100100010111111101111111111110, flags=SA_RESTART|SA_SIGINFO, blocked
    SIGILL: crash_handler in libjvm.so, mask=11100100010111111101111111111110, flags=SA_RESTART|SA_SIGINFO, unblocked
   SIGUSR2: SR_handler in libjvm.so, mask=00000000000000000000000000000000, flags=SA_RESTART|SA_SIGINFO, blocked
    SIGHUP: UserHandler in libjvm.so, mask=11100100010111111101111111111110, flags=SA_RESTART|SA_SIGINFO, blocked
    SIGINT: UserHandler in libjvm.so, mask=11100100010111111101111111111110, flags=SA_RESTART|SA_SIGINFO, blocked
   SIGTERM: UserHandler in libjvm.so, mask=11100100010111111101111111111110, flags=SA_RESTART|SA_SIGINFO, blocked
   SIGQUIT: UserHandler in libjvm.so, mask=11100100010111111101111111111110, flags=SA_RESTART|SA_SIGINFO, blocked
   SIGTRAP: crash_handler in libjvm.so, mask=11100100010111111101111111111110, flags=SA_RESTART|SA_SIGINFO, unblocked


Periodic native trim disabled


---------------  S Y S T E M  ---------------

OS:
DISTRIB_ID=Ubuntu
DISTRIB_RELEASE=22.04
DISTRIB_CODENAME=jammy
DISTRIB_DESCRIPTION="Ubuntu 22.04.4 LTS"
uname: Linux 6.5.0-41-generic #41~22.04.2-Ubuntu SMP PREEMPT_DYNAMIC Mon Jun  3 11:32:55 UTC 2 x86_64
OS uptime: 3 days 11:41 hours
libc: glibc 2.35 NPTL 2.35 
rlimit (soft/hard): STACK 8192k/infinity , CORE 0k/infinity , NPROC 47172/47172 , NOFILE 1048576/1048576 , AS infinity/infinity , CPU infinity/infinity , DATA infinity/infinity , FSIZE infinity/infinity , MEMLOCK 1519168k/1519168k
load average: 5,17 2,11 1,27

/proc/meminfo:
MemTotal:       12153372 kB
MemFree:         1181148 kB
MemAvailable:    2720136 kB
Buffers:          108932 kB
Cached:          2743480 kB
SwapCached:        33684 kB
Active:          7908916 kB
Inactive:        1984368 kB
Active(anon):    7077604 kB
Inactive(anon):  1102132 kB
Active(file):     831312 kB
Inactive(file):   882236 kB
Unevictable:      459772 kB
Mlocked:              48 kB
SwapTotal:       2097148 kB
SwapFree:         298584 kB
Zswap:                 0 kB
Zswapped:              0 kB
Dirty:             39704 kB
Writeback:             4 kB
AnonPages:       7467740 kB
Mapped:           812220 kB
Shmem:           1138324 kB
KReclaimable:     131056 kB
Slab:             359664 kB
SReclaimable:     131056 kB
SUnreclaim:       228608 kB
KernelStack:       36544 kB
PageTables:        97636 kB
SecPageTables:         0 kB
NFS_Unstable:          0 kB
Bounce:                0 kB
WritebackTmp:          0 kB
CommitLimit:     8173832 kB
Committed_AS:   20228440 kB
VmallocTotal:   34359738367 kB
VmallocUsed:       68076 kB
VmallocChunk:          0 kB
Percpu:             6784 kB
HardwareCorrupted:     0 kB
AnonHugePages:         0 kB
ShmemHugePages:        0 kB
ShmemPmdMapped:        0 kB
FileHugePages:         0 kB
FilePmdMapped:         0 kB
Unaccepted:            0 kB
HugePages_Total:       0
HugePages_Free:        0
HugePages_Rsvd:        0
HugePages_Surp:        0
Hugepagesize:       2048 kB
Hugetlb:               0 kB
DirectMap4k:      273152 kB
DirectMap2M:    11175936 kB
DirectMap1G:     1048576 kB

/sys/kernel/mm/transparent_hugepage/enabled: always [madvise] never
/sys/kernel/mm/transparent_hugepage/hpage_pmd_size: 2097152
/sys/kernel/mm/transparent_hugepage/defrag (defrag/compaction efforts parameter): always defer defer+madvise [madvise] never

Process Memory:
Virtual Size: 5550352K (peak: 5613260K)
Resident Set Size: 215592K (peak: 215592K) (anon: 187560K, file: 28032K, shmem: 0K)
Swapped out: 0K
C-Heap outstanding allocations: 92794K, retained: 32421K
glibc malloc tunables: (default)

/proc/sys/kernel/threads-max (system-wide limit on the number of threads): 94344
/proc/sys/vm/max_map_count (maximum number of memory map areas a process may have): 65530
/proc/sys/kernel/pid_max (system-wide limit on number of process identifiers): 4194304

container (cgroup) information:
container_type: cgroupv2
cpu_cpuset_cpus: not supported
cpu_memory_nodes: not supported
active_processor_count: 8
cpu_quota: not supported
cpu_period: not supported
cpu_shares: not supported
memory_limit_in_bytes: unlimited
memory_and_swap_limit_in_bytes: unlimited
memory_soft_limit_in_bytes: unlimited
memory_usage_in_bytes: 2662344 k
memory_max_usage_in_bytes: not supported
memory_swap_current_in_bytes: 16444 k
memory_swap_max_limit_in_bytes: unlimited
maximum number of tasks: 14151
current number of tasks: 289

Steal ticks since vm start: 0
Steal ticks percentage since vm start:  0,000

CPU: total 8 (initial active 8) (4 cores per cpu, 2 threads per core) family 6 model 60 stepping 3 microcode 0x28, cx8, cmov, fxsr, ht, mmx, sse, sse2, sse3, ssse3, sse4.1, sse4.2, popcnt, lzcnt, tsc, tscinvbit, avx, avx2, aes, erms, clmul, bmi1, bmi2, fma, vzeroupper, clflush
CPU Model and flags from /proc/cpuinfo:
model name	: Intel(R) Core(TM) i7-4700MQ CPU @ 2.40GHz
flags		: fpu vme de pse tsc msr pae mce cx8 apic sep mtrr pge mca cmov pat pse36 clflush dts acpi mmx fxsr sse sse2 ss ht tm pbe syscall nx pdpe1gb rdtscp lm constant_tsc arch_perfmon pebs bts rep_good nopl xtopology nonstop_tsc cpuid aperfmperf pni pclmulqdq dtes64 monitor ds_cpl est tm2 ssse3 sdbg fma cx16 xtpr pdcm pcid sse4_1 sse4_2 movbe popcnt tsc_deadline_timer aes xsave avx f16c rdrand lahf_lm abm cpuid_fault epb invpcid_single pti ssbd ibrs ibpb stibp fsgsbase tsc_adjust bmi1 avx2 smep bmi2 erms invpcid xsaveopt dtherm ida arat pln pts md_clear flush_l1d

Online cpus: 0-7
Offline cpus: 
BIOS frequency limitation: <Not Available>
Frequency switch latency (ns): 20000
Available cpu frequencies: <Not Available>
Current governor: schedutil
Core performance/turbo boost: <Not Available>

Memory: 4k page, physical 12153372k(1181148k free), swap 2097148k(298584k free)
Page Sizes: 4k

vm_info: OpenJDK 64-Bit Server VM (17.0.11+9) for linux-amd64 JRE (17.0.11+9), built on Apr 16 2024 00:00:00 by "admin" with gcc 10.3.0

END.
